#
# There is insufficient memory for the Java Runtime Environment to continue.
# Native memory allocation (malloc) failed to allocate 1776016 bytes for Chunk::new
# Possible reasons:
#   The system is out of physical RAM or swap space
#   The process is running with CompressedOops enabled, and the Java Heap may be blocking the growth of the native heap
# Possible solutions:
#   Reduce memory load on the system
#   Increase physical memory or swap space
#   Check if swap backing store is full
#   Decrease Java heap size (-Xmx/-Xms)
#   Decrease number of Java threads
#   Decrease Java thread stack sizes (-Xss)
#   Set larger code cache with -XX:ReservedCodeCacheSize=
#   JVM is running with Unscaled Compressed Oops mode in which the Java heap is
#     placed in the first 4GB address space. The Java Heap base address is the
#     maximum limit for the native heap growth. Please use -XX:HeapBaseMinAddress
#     to set the Java Heap base and to place the Java Heap above 4GB virtual address.
# This output file may be truncated or incomplete.
#
#  Out of Memory Error (src/hotspot/share/memory/arena.cpp:197), pid=3324, tid=252
#
# JRE version: OpenJDK Runtime Environment (11.0.15) (build 11.0.15+0-b2043.56-8887301)
# Java VM: OpenJDK 64-Bit Server VM (11.0.15+0-b2043.56-8887301, mixed mode, tiered, compressed oops, g1 gc, windows-amd64)
# No core dump will be written. Minidumps are not enabled by default on client versions of Windows
#

---------------  S U M M A R Y ------------

Command Line: --add-opens=java.base/java.util=ALL-UNNAMED --add-opens=java.base/java.lang=ALL-UNNAMED --add-opens=java.base/java.lang.invoke=ALL-UNNAMED --add-opens=java.base/java.util=ALL-UNNAMED --add-opens=java.prefs/java.util.prefs=ALL-UNNAMED --add-opens=java.prefs/java.util.prefs=ALL-UNNAMED --add-opens=java.base/java.nio.charset=ALL-UNNAMED --add-opens=java.base/java.net=ALL-UNNAMED --add-opens=java.base/java.util.concurrent.atomic=ALL-UNNAMED -Xmx2048m -Dfile.encoding=UTF-8 -Duser.country=ID -Duser.language=en -Duser.variant org.gradle.launcher.daemon.bootstrap.GradleDaemon 7.5

Host: AMD Athlon Gold 3150U with Radeon Graphics     , 4 cores, 3G,  Windows 10 , 64 bit Build 19041 (10.0.19041.2913)
Time: Fri May 19 22:00:46 2023 SE Asia Standard Time elapsed time: 167.187443 seconds (0d 0h 2m 47s)

---------------  T H R E A D  ---------------

Current thread (0x000001f6a595f800):  JavaThread "C2 CompilerThread0" daemon [_thread_in_native, id=252, stack(0x0000008db4900000,0x0000008db4a00000)]


Current CompileTask:
C2: 167187 14470 %     4       javax.management.ObjectName::construct @ 86 (1135 bytes)

Stack: [0x0000008db4900000,0x0000008db4a00000]
Native frames: (J=compiled Java code, j=interpreted, Vv=VM code, C=native code)
V  [jvm.dll+0x64135a]
V  [jvm.dll+0x7d39f9]
V  [jvm.dll+0x7d51b9]
V  [jvm.dll+0x7d58a3]
V  [jvm.dll+0x2691c5]
V  [jvm.dll+0xc1a5c]
V  [jvm.dll+0xc200c]
V  [jvm.dll+0x377462]
V  [jvm.dll+0x342495]
V  [jvm.dll+0x34186a]
V  [jvm.dll+0x2214bd]
V  [jvm.dll+0x220498]
V  [jvm.dll+0x19e851]
V  [jvm.dll+0x230479]
V  [jvm.dll+0x22e5ef]
V  [jvm.dll+0x794de1]
V  [jvm.dll+0x78dc24]
V  [jvm.dll+0x6400f6]
C  [ucrtbase.dll+0x21bb2]
C  [KERNEL32.DLL+0x17614]
C  [ntdll.dll+0x526a1]


---------------  P R O C E S S  ---------------

Threads class SMR info:
_java_thread_list=0x000001f6ae64acf0, length=90, elements={
0x000001f68bd2f800, 0x000001f6a58fc000, 0x000001f6a5905000, 0x000001f6a5957800,
0x000001f6a5958800, 0x000001f6a595b000, 0x000001f6a595f800, 0x000001f6a5964000,
0x000001f6a5966800, 0x000001f6a63d4000, 0x000001f6a7087000, 0x000001f6a6ee5800,
0x000001f6a6d5d000, 0x000001f6a6564800, 0x000001f6a6565000, 0x000001f6a6c27000,
0x000001f6a7236800, 0x000001f6a8307800, 0x000001f6a7ce4800, 0x000001f6a741e000,
0x000001f6a7421800, 0x000001f6a741f800, 0x000001f6a7420800, 0x000001f6a7423000,
0x000001f6a741d800, 0x000001f6a7422000, 0x000001f6a7424000, 0x000001f6a741f000,
0x000001f6a8ca1800, 0x000001f6a8c9d800, 0x000001f6a8ca2000, 0x000001f6a8c9e000,
0x000001f6a8c9f000, 0x000001f6a8c9f800, 0x000001f6a8ca3000, 0x000001f6a8ca5800,
0x000001f6a8ca4000, 0x000001f6a8ca0800, 0x000001f6a8ca6800, 0x000001f6a8ca7000,
0x000001f6a8cac000, 0x000001f6a8ca8000, 0x000001f6a8ca8800, 0x000001f6a8ca9800,
0x000001f6a8caa800, 0x000001f6a8cab000, 0x000001f6a7930000, 0x000001f6a792c800,
0x000001f6a792f000, 0x000001f6a7931800, 0x000001f6a7933000, 0x000001f6a7930800,
0x000001f6a7932800, 0x000001f6a792e800, 0x000001f6a792d800, 0x000001f6a7935800,
0x000001f6a7939000, 0x000001f6a7939800, 0x000001f6a7936800, 0x000001f6a7937000,
0x000001f6a7938000, 0x000001f6a7935000, 0x000001f6a7934000, 0x000001f6a793b800,
0x000001f6a793a800, 0x000001f6aa801000, 0x000001f6aa7fb000, 0x000001f6aa802000,
0x000001f6aa7fc000, 0x000001f6aa7fd800, 0x000001f6aa7ff800, 0x000001f6aa7fe800,
0x000001f6aa800000, 0x000001f6aa802800, 0x000001f6aa7fd000, 0x000001f6aa808800,
0x000001f6aa806000, 0x000001f6aa806800, 0x000001f6aa807800, 0x000001f6aa805000,
0x000001f6aa809000, 0x000001f6aa803800, 0x000001f6aa80a000, 0x000001f6aa804000,
0x000001f6aaa4e000, 0x000001f6aaa4b000, 0x000001f6aaa4b800, 0x000001f6aaa4c800,
0x000001f6aaa4d800, 0x000001f6aaa49000
}

Java Threads: ( => current thread )
  0x000001f68bd2f800 JavaThread "main" [_thread_blocked, id=6352, stack(0x0000008db3d00000,0x0000008db3e00000)]
  0x000001f6a58fc000 JavaThread "Reference Handler" daemon [_thread_blocked, id=12144, stack(0x0000008db4400000,0x0000008db4500000)]
  0x000001f6a5905000 JavaThread "Finalizer" daemon [_thread_blocked, id=1132, stack(0x0000008db4500000,0x0000008db4600000)]
  0x000001f6a5957800 JavaThread "Signal Dispatcher" daemon [_thread_blocked, id=17032, stack(0x0000008db4600000,0x0000008db4700000)]
  0x000001f6a5958800 JavaThread "Attach Listener" daemon [_thread_blocked, id=17056, stack(0x0000008db4700000,0x0000008db4800000)]
  0x000001f6a595b000 JavaThread "Service Thread" daemon [_thread_blocked, id=7048, stack(0x0000008db4800000,0x0000008db4900000)]
=>0x000001f6a595f800 JavaThread "C2 CompilerThread0" daemon [_thread_in_native, id=252, stack(0x0000008db4900000,0x0000008db4a00000)]
  0x000001f6a5964000 JavaThread "C1 CompilerThread0" daemon [_thread_blocked, id=16308, stack(0x0000008db4a00000,0x0000008db4b00000)]
  0x000001f6a5966800 JavaThread "Sweeper thread" daemon [_thread_blocked, id=2896, stack(0x0000008db4b00000,0x0000008db4c00000)]
  0x000001f6a63d4000 JavaThread "Common-Cleaner" daemon [_thread_blocked, id=17288, stack(0x0000008db4c00000,0x0000008db4d00000)]
  0x000001f6a7087000 JavaThread "Daemon health stats" [_thread_blocked, id=7668, stack(0x0000008db4f00000,0x0000008db5000000)]
  0x000001f6a6ee5800 JavaThread "Incoming local TCP Connector on port 58260" [_thread_in_native, id=12508, stack(0x0000008db5000000,0x0000008db5100000)]
  0x000001f6a6d5d000 JavaThread "Daemon periodic checks" [_thread_blocked, id=10940, stack(0x0000008db5100000,0x0000008db5200000)]
  0x000001f6a6564800 JavaThread "Daemon" [_thread_blocked, id=14148, stack(0x0000008db3c00000,0x0000008db3d00000)]
  0x000001f6a6565000 JavaThread "Handler for socket connection from /127.0.0.1:58260 to /127.0.0.1:58262" [_thread_in_native, id=7008, stack(0x0000008db5200000,0x0000008db5300000)]
  0x000001f6a6c27000 JavaThread "Cancel handler" [_thread_blocked, id=16232, stack(0x0000008db5300000,0x0000008db5400000)]
  0x000001f6a7236800 JavaThread "Daemon worker" [_thread_blocked, id=15492, stack(0x0000008db5400000,0x0000008db5500000)]
  0x000001f6a8307800 JavaThread "Asynchronous log dispatcher for DefaultDaemonConnection: socket connection from /127.0.0.1:58260 to /127.0.0.1:58262" [_thread_blocked, id=3952, stack(0x0000008db5500000,0x0000008db5600000)]
  0x000001f6a7ce4800 JavaThread "Daemon client event forwarder" [_thread_blocked, id=12176, stack(0x0000008db5700000,0x0000008db5800000)]
  0x000001f6a741e000 JavaThread "Cache worker for journal cache (C:\Users\Asus\.gradle\caches\journal-1)" [_thread_blocked, id=17052, stack(0x0000008db5800000,0x0000008db5900000)]
  0x000001f6a7421800 JavaThread "File lock request listener" [_thread_in_native, id=14764, stack(0x0000008db5b00000,0x0000008db5c00000)]
  0x000001f6a741f800 JavaThread "Cache worker for file hash cache (C:\Users\Asus\.gradle\caches\7.5\fileHashes)" [_thread_blocked, id=2860, stack(0x0000008db5c00000,0x0000008db5d00000)]
  0x000001f6a7420800 JavaThread "File watcher server" daemon [_thread_in_native, id=15560, stack(0x0000008db5d00000,0x0000008db5e00000)]
  0x000001f6a7423000 JavaThread "File watcher consumer" daemon [_thread_blocked, id=9480, stack(0x0000008db5e00000,0x0000008db5f00000)]
  0x000001f6a741d800 JavaThread "Cache worker for checksums cache (C:\Users\Asus\AndroidStudioProjects\moodcare_sprint2\.gradle\7.5\checksums)" [_thread_blocked, id=14324, stack(0x0000008db5f00000,0x0000008db6000000)]
  0x000001f6a7422000 JavaThread "Cache worker for cache directory md-rule (C:\Users\Asus\.gradle\caches\7.5\md-rule)" [_thread_blocked, id=12776, stack(0x0000008db6000000,0x0000008db6100000)]
  0x000001f6a7424000 JavaThread "Cache worker for file content cache (C:\Users\Asus\.gradle\caches\7.5\fileContent)" [_thread_blocked, id=14140, stack(0x0000008db6100000,0x0000008db6200000)]
  0x000001f6a741f000 JavaThread "Cache worker for file hash cache (C:\Users\Asus\AndroidStudioProjects\moodcare_sprint2\.gradle\7.5\fileHashes)" [_thread_blocked, id=12112, stack(0x0000008db6200000,0x0000008db6300000)]
  0x000001f6a8ca1800 JavaThread "Cache worker for cache directory md-supplier (C:\Users\Asus\.gradle\caches\7.5\md-supplier)" [_thread_blocked, id=15176, stack(0x0000008db6300000,0x0000008db6400000)]
  0x000001f6a8c9d800 JavaThread "Cache worker for execution history cache (C:\Users\Asus\.gradle\caches\7.5\executionHistory)" [_thread_blocked, id=4764, stack(0x0000008db6400000,0x0000008db6500000)]
  0x000001f6a8ca2000 JavaThread "jar transforms" [_thread_blocked, id=916, stack(0x0000008db6500000,0x0000008db6600000)]
  0x000001f6a8c9e000 JavaThread "jar transforms Thread 2" [_thread_blocked, id=8640, stack(0x0000008db6600000,0x0000008db6700000)]
  0x000001f6a8c9f000 JavaThread "jar transforms Thread 3" [_thread_blocked, id=16780, stack(0x0000008db6700000,0x0000008db6800000)]
  0x000001f6a8c9f800 JavaThread "jar transforms Thread 4" [_thread_blocked, id=15720, stack(0x0000008db6800000,0x0000008db6900000)]
  0x000001f6a8ca3000 JavaThread "Cache worker for dependencies-accessors (C:\Users\Asus\AndroidStudioProjects\moodcare_sprint2\.gradle\7.5\dependencies-accessors)" [_thread_blocked, id=10132, stack(0x0000008db6900000,0x0000008db6a00000)]
  0x000001f6a8ca5800 JavaThread "Cache worker for Build Output Cleanup Cache (C:\Users\Asus\AndroidStudioProjects\moodcare_sprint2\.gradle\buildOutputCleanup)" [_thread_blocked, id=7820, stack(0x0000008db6a00000,0x0000008db6b00000)]
  0x000001f6a8ca4000 JavaThread "Unconstrained build operations" [_thread_blocked, id=16868, stack(0x0000008db6b00000,0x0000008db6c00000)]
  0x000001f6a8ca0800 JavaThread "Unconstrained build operations Thread 2" [_thread_blocked, id=8828, stack(0x0000008db6c00000,0x0000008db6d00000)]
  0x000001f6a8ca6800 JavaThread "Unconstrained build operations Thread 3" [_thread_blocked, id=9552, stack(0x0000008db6d00000,0x0000008db6e00000)]
  0x000001f6a8ca7000 JavaThread "Unconstrained build operations Thread 4" [_thread_blocked, id=15316, stack(0x0000008db6e00000,0x0000008db6f00000)]
  0x000001f6a8cac000 JavaThread "Unconstrained build operations Thread 5" [_thread_blocked, id=16020, stack(0x0000008db6f00000,0x0000008db7000000)]
  0x000001f6a8ca8000 JavaThread "Unconstrained build operations Thread 6" [_thread_blocked, id=15668, stack(0x0000008db7000000,0x0000008db7100000)]
  0x000001f6a8ca8800 JavaThread "Unconstrained build operations Thread 7" [_thread_blocked, id=12772, stack(0x0000008db7100000,0x0000008db7200000)]
  0x000001f6a8ca9800 JavaThread "Unconstrained build operations Thread 8" [_thread_blocked, id=3656, stack(0x0000008db7200000,0x0000008db7300000)]
  0x000001f6a8caa800 JavaThread "Unconstrained build operations Thread 9" [_thread_blocked, id=16668, stack(0x0000008db7300000,0x0000008db7400000)]
  0x000001f6a8cab000 JavaThread "Unconstrained build operations Thread 10" [_thread_blocked, id=7832, stack(0x0000008db7400000,0x0000008db7500000)]
  0x000001f6a7930000 JavaThread "Unconstrained build operations Thread 11" [_thread_blocked, id=7580, stack(0x0000008db7500000,0x0000008db7600000)]
  0x000001f6a792c800 JavaThread "Unconstrained build operations Thread 12" [_thread_blocked, id=2280, stack(0x0000008db7600000,0x0000008db7700000)]
  0x000001f6a792f000 JavaThread "Unconstrained build operations Thread 13" [_thread_blocked, id=884, stack(0x0000008db7700000,0x0000008db7800000)]
  0x000001f6a7931800 JavaThread "Unconstrained build operations Thread 14" [_thread_blocked, id=6892, stack(0x0000008db7800000,0x0000008db7900000)]
  0x000001f6a7933000 JavaThread "Unconstrained build operations Thread 15" [_thread_blocked, id=13016, stack(0x0000008db7900000,0x0000008db7a00000)]
  0x000001f6a7930800 JavaThread "Unconstrained build operations Thread 16" [_thread_blocked, id=10156, stack(0x0000008db7a00000,0x0000008db7b00000)]
  0x000001f6a7932800 JavaThread "Unconstrained build operations Thread 17" [_thread_blocked, id=12872, stack(0x0000008db7b00000,0x0000008db7c00000)]
  0x000001f6a792e800 JavaThread "Unconstrained build operations Thread 18" [_thread_blocked, id=15596, stack(0x0000008db7c00000,0x0000008db7d00000)]
  0x000001f6a792d800 JavaThread "Unconstrained build operations Thread 19" [_thread_blocked, id=15572, stack(0x0000008db7d00000,0x0000008db7e00000)]
  0x000001f6a7935800 JavaThread "Unconstrained build operations Thread 20" [_thread_blocked, id=12980, stack(0x0000008db7e00000,0x0000008db7f00000)]
  0x000001f6a7939000 JavaThread "Unconstrained build operations Thread 21" [_thread_blocked, id=11952, stack(0x0000008db7f00000,0x0000008db8000000)]
  0x000001f6a7939800 JavaThread "Unconstrained build operations Thread 22" [_thread_blocked, id=14076, stack(0x0000008db8000000,0x0000008db8100000)]
  0x000001f6a7936800 JavaThread "Unconstrained build operations Thread 23" [_thread_blocked, id=10328, stack(0x0000008db8100000,0x0000008db8200000)]
  0x000001f6a7937000 JavaThread "Unconstrained build operations Thread 24" [_thread_blocked, id=16564, stack(0x0000008db8200000,0x0000008db8300000)]
  0x000001f6a7938000 JavaThread "Unconstrained build operations Thread 25" [_thread_blocked, id=12832, stack(0x0000008db8300000,0x0000008db8400000)]
  0x000001f6a7935000 JavaThread "Unconstrained build operations Thread 26" [_thread_blocked, id=11784, stack(0x0000008db8400000,0x0000008db8500000)]
  0x000001f6a7934000 JavaThread "Unconstrained build operations Thread 27" [_thread_blocked, id=14736, stack(0x0000008db8500000,0x0000008db8600000)]
  0x000001f6a793b800 JavaThread "Unconstrained build operations Thread 28" [_thread_blocked, id=6436, stack(0x0000008db8600000,0x0000008db8700000)]
  0x000001f6a793a800 JavaThread "Unconstrained build operations Thread 29" [_thread_blocked, id=12228, stack(0x0000008db8700000,0x0000008db8800000)]
  0x000001f6aa801000 JavaThread "Unconstrained build operations Thread 30" [_thread_blocked, id=8312, stack(0x0000008db8800000,0x0000008db8900000)]
  0x000001f6aa7fb000 JavaThread "Unconstrained build operations Thread 31" [_thread_blocked, id=1548, stack(0x0000008db8900000,0x0000008db8a00000)]
  0x000001f6aa802000 JavaThread "Unconstrained build operations Thread 32" [_thread_blocked, id=16380, stack(0x0000008db8a00000,0x0000008db8b00000)]
  0x000001f6aa7fc000 JavaThread "Unconstrained build operations Thread 33" [_thread_blocked, id=15388, stack(0x0000008db8b00000,0x0000008db8c00000)]
  0x000001f6aa7fd800 JavaThread "Unconstrained build operations Thread 34" [_thread_blocked, id=5792, stack(0x0000008db8c00000,0x0000008db8d00000)]
  0x000001f6aa7ff800 JavaThread "Unconstrained build operations Thread 35" [_thread_blocked, id=16124, stack(0x0000008db8d00000,0x0000008db8e00000)]
  0x000001f6aa7fe800 JavaThread "Unconstrained build operations Thread 36" [_thread_blocked, id=2908, stack(0x0000008db8e00000,0x0000008db8f00000)]
  0x000001f6aa800000 JavaThread "Unconstrained build operations Thread 37" [_thread_blocked, id=16812, stack(0x0000008db8f00000,0x0000008db9000000)]
  0x000001f6aa802800 JavaThread "Unconstrained build operations Thread 38" [_thread_blocked, id=1280, stack(0x0000008db9000000,0x0000008db9100000)]
  0x000001f6aa7fd000 JavaThread "Unconstrained build operations Thread 39" [_thread_blocked, id=11828, stack(0x0000008db9100000,0x0000008db9200000)]
  0x000001f6aa808800 JavaThread "Unconstrained build operations Thread 40" [_thread_blocked, id=16612, stack(0x0000008db9200000,0x0000008db9300000)]
  0x000001f6aa806000 JavaThread "build event listener" [_thread_blocked, id=1768, stack(0x0000008db9300000,0x0000008db9400000)]
  0x000001f6aa806800 JavaThread "Memory manager" [_thread_blocked, id=17100, stack(0x0000008db9600000,0x0000008db9700000)]
  0x000001f6aa807800 JavaThread "included builds" [_thread_blocked, id=8024, stack(0x0000008db3a00000,0x0000008db3b00000)]
  0x000001f6aa805000 JavaThread "Execution worker" [_thread_blocked, id=8984, stack(0x0000008db3b00000,0x0000008db3c00000)]
  0x000001f6aa809000 JavaThread "Execution worker Thread 2" [_thread_blocked, id=2848, stack(0x0000008db9700000,0x0000008db9800000)]
  0x000001f6aa803800 JavaThread "Execution worker Thread 3" [_thread_blocked, id=10612, stack(0x0000008db9800000,0x0000008db9900000)]
  0x000001f6aa80a000 JavaThread "Cache worker for execution history cache (C:\Users\Asus\AndroidStudioProjects\moodcare_sprint2\.gradle\7.5\executionHistory)" [_thread_blocked, id=9252, stack(0x0000008db9900000,0x0000008db9a00000)]
  0x000001f6aa804000 JavaThread "WorkerExecutor Queue" [_thread_blocked, id=10912, stack(0x0000008db5600000,0x0000008db5700000)]
  0x000001f6aaa4e000 JavaThread "WorkerExecutor Queue Thread 2" [_thread_blocked, id=7136, stack(0x0000008db9a00000,0x0000008db9b00000)]
  0x000001f6aaa4b000 JavaThread "WorkerExecutor Queue Thread 3" [_thread_blocked, id=15892, stack(0x0000008db9b00000,0x0000008db9c00000)]
  0x000001f6aaa4b800 JavaThread "WorkerExecutor Queue Thread 4" [_thread_in_native, id=17084, stack(0x0000008db9c00000,0x0000008db9d00000)]
  0x000001f6aaa4c800 JavaThread "pool-3-thread-1" [_thread_blocked, id=16288, stack(0x0000008db9e00000,0x0000008db9f00000)]
  0x000001f6aaa4d800 JavaThread "stderr" [_thread_in_native, id=8408, stack(0x0000008db9f00000,0x0000008dba000000)]
  0x000001f6aaa49000 JavaThread "stdout" [_thread_in_native, id=7164, stack(0x0000008dba000000,0x0000008dba100000)]

Other Threads:
  0x000001f6a58fa000 VMThread "VM Thread" [stack: 0x0000008db4300000,0x0000008db4400000] [id=17228]
  0x000001f6a63d5800 WatcherThread [stack: 0x0000008db4d00000,0x0000008db4e00000] [id=3960]
  0x000001f68bd49000 GCTaskThread "GC Thread#0" [stack: 0x0000008db3e00000,0x0000008db3f00000] [id=15392]
  0x000001f6a686d800 GCTaskThread "GC Thread#1" [stack: 0x0000008db4e00000,0x0000008db4f00000] [id=9812]
  0x000001f6a79e2800 GCTaskThread "GC Thread#2" [stack: 0x0000008db5900000,0x0000008db5a00000] [id=16136]
  0x000001f6a8306000 GCTaskThread "GC Thread#3" [stack: 0x0000008db5a00000,0x0000008db5b00000] [id=7972]
  0x000001f68bd7b800 ConcurrentGCThread "G1 Main Marker" [stack: 0x0000008db3f00000,0x0000008db4000000] [id=5676]
  0x000001f68bd7f000 ConcurrentGCThread "G1 Conc#0" [stack: 0x0000008db4000000,0x0000008db4100000] [id=17048]
  0x000001f68bdc4000 ConcurrentGCThread "G1 Refine#0" [stack: 0x0000008db4100000,0x0000008db4200000] [id=7264]
  0x000001f68bdc5000 ConcurrentGCThread "G1 Young RemSet Sampling" [stack: 0x0000008db4200000,0x0000008db4300000] [id=13880]

Threads with active compile tasks:
C2 CompilerThread0   167272 14470 %     4       javax.management.ObjectName::construct @ 86 (1135 bytes)

VM state:not at safepoint (normal execution)

VM Mutex/Monitor currently owned by a thread: None

Heap address: 0x0000000080000000, size: 2048 MB, Compressed Oops mode: 32-bit
Narrow klass base: 0x0000000000000000, Narrow klass shift: 3
Compressed class space size: 1073741824 Address: 0x0000000100000000

Heap:
 garbage-first heap   total 345088K, used 135996K [0x0000000080000000, 0x0000000100000000)
  region size 1024K, 36 young (36864K), 5 survivors (5120K)
 Metaspace       used 105124K, capacity 107865K, committed 107980K, reserved 1142784K
  class space    used 13385K, capacity 14425K, committed 14464K, reserved 1048576K
Heap Regions: E=young(eden), S=young(survivor), O=old, HS=humongous(starts), HC=humongous(continues), CS=collection set, F=free, A=archive, TAMS=top-at-mark-start (previous, next)
|   0|0x0000000080000000, 0x0000000080100000, 0x0000000080100000|100%|HS|  |TAMS 0x0000000080100000, 0x0000000080000000| Complete 
|   1|0x0000000080100000, 0x0000000080200000, 0x0000000080200000|100%|HC|  |TAMS 0x0000000080200000, 0x0000000080100000| Complete 
|   2|0x0000000080200000, 0x0000000080300000, 0x0000000080300000|100%|HC|  |TAMS 0x0000000080300000, 0x0000000080200000| Complete 
|   3|0x0000000080300000, 0x0000000080400000, 0x0000000080400000|100%| O|  |TAMS 0x0000000080400000, 0x0000000080300000| Untracked 
|   4|0x0000000080400000, 0x0000000080500000, 0x0000000080500000|100%| O|  |TAMS 0x0000000080500000, 0x0000000080400000| Untracked 
|   5|0x0000000080500000, 0x0000000080600000, 0x0000000080600000|100%| O|  |TAMS 0x0000000080600000, 0x0000000080500000| Untracked 
|   6|0x0000000080600000, 0x0000000080700000, 0x0000000080700000|100%| O|  |TAMS 0x0000000080700000, 0x0000000080600000| Untracked 
|   7|0x0000000080700000, 0x0000000080800000, 0x0000000080800000|100%| O|  |TAMS 0x0000000080800000, 0x0000000080700000| Untracked 
|   8|0x0000000080800000, 0x0000000080900000, 0x0000000080900000|100%| O|  |TAMS 0x0000000080900000, 0x0000000080800000| Untracked 
|   9|0x0000000080900000, 0x0000000080a00000, 0x0000000080a00000|100%| O|  |TAMS 0x0000000080a00000, 0x0000000080900000| Untracked 
|  10|0x0000000080a00000, 0x0000000080b00000, 0x0000000080b00000|100%| O|  |TAMS 0x0000000080b00000, 0x0000000080a00000| Untracked 
|  11|0x0000000080b00000, 0x0000000080c00000, 0x0000000080c00000|100%| O|  |TAMS 0x0000000080c00000, 0x0000000080b00000| Untracked 
|  12|0x0000000080c00000, 0x0000000080d00000, 0x0000000080d00000|100%| O|  |TAMS 0x0000000080d00000, 0x0000000080c00000| Untracked 
|  13|0x0000000080d00000, 0x0000000080e00000, 0x0000000080e00000|100%| O|  |TAMS 0x0000000080e00000, 0x0000000080d00000| Untracked 
|  14|0x0000000080e00000, 0x0000000080f00000, 0x0000000080f00000|100%| O|  |TAMS 0x0000000080f00000, 0x0000000080e00000| Untracked 
|  15|0x0000000080f00000, 0x0000000081000000, 0x0000000081000000|100%| O|  |TAMS 0x0000000081000000, 0x0000000080f00000| Untracked 
|  16|0x0000000081000000, 0x0000000081100000, 0x0000000081100000|100%| O|  |TAMS 0x0000000081100000, 0x0000000081000000| Untracked 
|  17|0x0000000081100000, 0x0000000081200000, 0x0000000081200000|100%| O|  |TAMS 0x0000000081200000, 0x0000000081100000| Untracked 
|  18|0x0000000081200000, 0x0000000081300000, 0x0000000081300000|100%| O|  |TAMS 0x0000000081300000, 0x0000000081200000| Untracked 
|  19|0x0000000081300000, 0x0000000081400000, 0x0000000081400000|100%| O|  |TAMS 0x0000000081400000, 0x0000000081300000| Untracked 
|  20|0x0000000081400000, 0x0000000081500000, 0x0000000081500000|100%| O|  |TAMS 0x0000000081500000, 0x0000000081400000| Untracked 
|  21|0x0000000081500000, 0x0000000081600000, 0x0000000081600000|100%| O|  |TAMS 0x0000000081600000, 0x0000000081500000| Untracked 
|  22|0x0000000081600000, 0x0000000081700000, 0x0000000081700000|100%| O|  |TAMS 0x0000000081700000, 0x0000000081600000| Untracked 
|  23|0x0000000081700000, 0x0000000081800000, 0x0000000081800000|100%| O|  |TAMS 0x0000000081800000, 0x0000000081700000| Untracked 
|  24|0x0000000081800000, 0x0000000081900000, 0x0000000081900000|100%| O|  |TAMS 0x0000000081900000, 0x0000000081800000| Untracked 
|  25|0x0000000081900000, 0x0000000081a00000, 0x0000000081a00000|100%| O|  |TAMS 0x0000000081a00000, 0x0000000081900000| Untracked 
|  26|0x0000000081a00000, 0x0000000081b00000, 0x0000000081b00000|100%| O|  |TAMS 0x0000000081b00000, 0x0000000081a00000| Untracked 
|  27|0x0000000081b00000, 0x0000000081c00000, 0x0000000081c00000|100%| O|  |TAMS 0x0000000081c00000, 0x0000000081b00000| Untracked 
|  28|0x0000000081c00000, 0x0000000081d00000, 0x0000000081d00000|100%| O|  |TAMS 0x0000000081d00000, 0x0000000081c00000| Untracked 
|  29|0x0000000081d00000, 0x0000000081e00000, 0x0000000081e00000|100%| O|  |TAMS 0x0000000081e00000, 0x0000000081d00000| Untracked 
|  30|0x0000000081e00000, 0x0000000081f00000, 0x0000000081f00000|100%| O|  |TAMS 0x0000000081f00000, 0x0000000081e00000| Untracked 
|  31|0x0000000081f00000, 0x0000000082000000, 0x0000000082000000|100%| O|  |TAMS 0x0000000082000000, 0x0000000081f00000| Untracked 
|  32|0x0000000082000000, 0x0000000082100000, 0x0000000082100000|100%| O|  |TAMS 0x0000000082100000, 0x0000000082000000| Untracked 
|  33|0x0000000082100000, 0x0000000082200000, 0x0000000082200000|100%| O|  |TAMS 0x0000000082200000, 0x0000000082100000| Untracked 
|  34|0x0000000082200000, 0x0000000082300000, 0x0000000082300000|100%|HS|  |TAMS 0x0000000082300000, 0x0000000082200000| Complete 
|  35|0x0000000082300000, 0x0000000082400000, 0x0000000082400000|100%|HS|  |TAMS 0x0000000082400000, 0x0000000082300000| Complete 
|  36|0x0000000082400000, 0x0000000082500000, 0x0000000082500000|100%|HC|  |TAMS 0x0000000082500000, 0x0000000082400000| Complete 
|  37|0x0000000082500000, 0x0000000082600000, 0x0000000082600000|100%|HS|  |TAMS 0x0000000082600000, 0x0000000082500000| Complete 
|  38|0x0000000082600000, 0x0000000082700000, 0x0000000082700000|100%| O|  |TAMS 0x0000000082700000, 0x0000000082600000| Untracked 
|  39|0x0000000082700000, 0x0000000082800000, 0x0000000082800000|100%| O|  |TAMS 0x0000000082800000, 0x0000000082700000| Untracked 
|  40|0x0000000082800000, 0x0000000082900000, 0x0000000082900000|100%| O|  |TAMS 0x0000000082900000, 0x0000000082800000| Untracked 
|  41|0x0000000082900000, 0x0000000082a00000, 0x0000000082a00000|100%|HS|  |TAMS 0x0000000082a00000, 0x0000000082900000| Complete 
|  42|0x0000000082a00000, 0x0000000082b00000, 0x0000000082b00000|100%|HC|  |TAMS 0x0000000082b00000, 0x0000000082a00000| Complete 
|  43|0x0000000082b00000, 0x0000000082c00000, 0x0000000082c00000|100%|HC|  |TAMS 0x0000000082c00000, 0x0000000082b00000| Complete 
|  44|0x0000000082c00000, 0x0000000082d00000, 0x0000000082d00000|100%|HC|  |TAMS 0x0000000082d00000, 0x0000000082c00000| Complete 
|  45|0x0000000082d00000, 0x0000000082e00000, 0x0000000082e00000|100%| O|  |TAMS 0x0000000082e00000, 0x0000000082d00000| Untracked 
|  46|0x0000000082e00000, 0x0000000082f00000, 0x0000000082f00000|100%| O|  |TAMS 0x0000000082f00000, 0x0000000082e00000| Untracked 
|  47|0x0000000082f00000, 0x0000000083000000, 0x0000000083000000|100%| O|  |TAMS 0x0000000083000000, 0x0000000082f00000| Untracked 
|  48|0x0000000083000000, 0x0000000083100000, 0x0000000083100000|100%| O|  |TAMS 0x0000000083100000, 0x0000000083000000| Untracked 
|  49|0x0000000083100000, 0x0000000083200000, 0x0000000083200000|100%| O|  |TAMS 0x0000000083200000, 0x0000000083100000| Untracked 
|  50|0x0000000083200000, 0x0000000083300000, 0x0000000083300000|100%| O|  |TAMS 0x0000000083300000, 0x0000000083200000| Untracked 
|  51|0x0000000083300000, 0x0000000083400000, 0x0000000083400000|100%| O|  |TAMS 0x0000000083400000, 0x0000000083300000| Untracked 
|  52|0x0000000083400000, 0x0000000083500000, 0x0000000083500000|100%| O|  |TAMS 0x0000000083500000, 0x0000000083400000| Untracked 
|  53|0x0000000083500000, 0x0000000083600000, 0x0000000083600000|100%| O|  |TAMS 0x0000000083600000, 0x0000000083500000| Untracked 
|  54|0x0000000083600000, 0x0000000083700000, 0x0000000083700000|100%| O|  |TAMS 0x0000000083700000, 0x0000000083600000| Untracked 
|  55|0x0000000083700000, 0x0000000083800000, 0x0000000083800000|100%| O|  |TAMS 0x0000000083800000, 0x0000000083700000| Untracked 
|  56|0x0000000083800000, 0x0000000083900000, 0x0000000083900000|100%| O|  |TAMS 0x0000000083900000, 0x0000000083800000| Untracked 
|  57|0x0000000083900000, 0x0000000083a00000, 0x0000000083a00000|100%| O|  |TAMS 0x0000000083a00000, 0x0000000083900000| Untracked 
|  58|0x0000000083a00000, 0x0000000083b00000, 0x0000000083b00000|100%| O|  |TAMS 0x0000000083b00000, 0x0000000083a00000| Untracked 
|  59|0x0000000083b00000, 0x0000000083c00000, 0x0000000083c00000|100%| O|  |TAMS 0x0000000083c00000, 0x0000000083b00000| Untracked 
|  60|0x0000000083c00000, 0x0000000083d00000, 0x0000000083d00000|100%| O|  |TAMS 0x0000000083d00000, 0x0000000083c00000| Untracked 
|  61|0x0000000083d00000, 0x0000000083e00000, 0x0000000083e00000|100%| O|  |TAMS 0x0000000083e00000, 0x0000000083d00000| Untracked 
|  62|0x0000000083e00000, 0x0000000083f00000, 0x0000000083f00000|100%| O|  |TAMS 0x0000000083f00000, 0x0000000083e00000| Untracked 
|  63|0x0000000083f00000, 0x0000000084000000, 0x0000000084000000|100%| O|  |TAMS 0x0000000084000000, 0x0000000083f00000| Untracked 
|  64|0x0000000084000000, 0x0000000084100000, 0x0000000084100000|100%| O|  |TAMS 0x0000000084100000, 0x0000000084000000| Untracked 
|  65|0x0000000084100000, 0x0000000084200000, 0x0000000084200000|100%| O|  |TAMS 0x0000000084200000, 0x0000000084100000| Untracked 
|  66|0x0000000084200000, 0x0000000084300000, 0x0000000084300000|100%| O|  |TAMS 0x0000000084300000, 0x0000000084200000| Untracked 
|  67|0x0000000084300000, 0x0000000084400000, 0x0000000084400000|100%| O|  |TAMS 0x0000000084400000, 0x0000000084300000| Untracked 
|  68|0x0000000084400000, 0x0000000084500000, 0x0000000084500000|100%| O|  |TAMS 0x0000000084400000, 0x0000000084400000| Untracked 
|  69|0x0000000084500000, 0x0000000084600000, 0x0000000084600000|100%| O|  |TAMS 0x0000000084600000, 0x0000000084500000| Untracked 
|  70|0x0000000084600000, 0x0000000084700000, 0x0000000084700000|100%| O|  |TAMS 0x0000000084700000, 0x0000000084600000| Untracked 
|  71|0x0000000084700000, 0x0000000084800000, 0x0000000084800000|100%| O|  |TAMS 0x0000000084800000, 0x0000000084700000| Untracked 
|  72|0x0000000084800000, 0x0000000084900000, 0x0000000084900000|100%| O|  |TAMS 0x0000000084900000, 0x0000000084800000| Untracked 
|  73|0x0000000084900000, 0x0000000084a00000, 0x0000000084a00000|100%| O|  |TAMS 0x0000000084a00000, 0x0000000084900000| Untracked 
|  74|0x0000000084a00000, 0x0000000084b00000, 0x0000000084b00000|100%| O|  |TAMS 0x0000000084b00000, 0x0000000084a00000| Untracked 
|  75|0x0000000084b00000, 0x0000000084c00000, 0x0000000084c00000|100%| O|  |TAMS 0x0000000084c00000, 0x0000000084b00000| Untracked 
|  76|0x0000000084c00000, 0x0000000084d00000, 0x0000000084d00000|100%| O|  |TAMS 0x0000000084d00000, 0x0000000084c00000| Untracked 
|  77|0x0000000084d00000, 0x0000000084e00000, 0x0000000084e00000|100%| O|  |TAMS 0x0000000084e00000, 0x0000000084d00000| Untracked 
|  78|0x0000000084e00000, 0x0000000084f00000, 0x0000000084f00000|100%| O|  |TAMS 0x0000000084f00000, 0x0000000084e00000| Untracked 
|  79|0x0000000084f00000, 0x0000000085000000, 0x0000000085000000|100%| O|  |TAMS 0x0000000085000000, 0x0000000084f00000| Untracked 
|  80|0x0000000085000000, 0x0000000085100000, 0x0000000085100000|100%| O|  |TAMS 0x0000000085100000, 0x0000000085000000| Untracked 
|  81|0x0000000085100000, 0x0000000085200000, 0x0000000085200000|100%| O|  |TAMS 0x0000000085200000, 0x0000000085100000| Untracked 
|  82|0x0000000085200000, 0x0000000085300000, 0x0000000085300000|100%| O|  |TAMS 0x0000000085300000, 0x0000000085200000| Untracked 
|  83|0x0000000085300000, 0x0000000085400000, 0x0000000085400000|100%| O|  |TAMS 0x0000000085400000, 0x0000000085300000| Untracked 
|  84|0x0000000085400000, 0x0000000085500000, 0x0000000085500000|100%| O|  |TAMS 0x0000000085500000, 0x0000000085400000| Untracked 
|  85|0x0000000085500000, 0x0000000085600000, 0x0000000085600000|100%| O|  |TAMS 0x0000000085500000, 0x0000000085500000| Untracked 
|  86|0x0000000085600000, 0x0000000085700000, 0x0000000085700000|100%| O|  |TAMS 0x0000000085600000, 0x0000000085600000| Untracked 
|  87|0x0000000085700000, 0x0000000085800000, 0x0000000085800000|100%| O|  |TAMS 0x0000000085700000, 0x0000000085700000| Untracked 
|  88|0x0000000085800000, 0x0000000085900000, 0x0000000085900000|100%| O|  |TAMS 0x0000000085800000, 0x0000000085800000| Untracked 
|  89|0x0000000085900000, 0x0000000085a00000, 0x0000000085a00000|100%| O|  |TAMS 0x0000000085900000, 0x0000000085900000| Untracked 
|  90|0x0000000085a00000, 0x0000000085b00000, 0x0000000085b00000|100%| O|  |TAMS 0x0000000085a00000, 0x0000000085a00000| Untracked 
|  91|0x0000000085b00000, 0x0000000085c00000, 0x0000000085c00000|100%| O|  |TAMS 0x0000000085b00000, 0x0000000085b00000| Untracked 
|  92|0x0000000085c00000, 0x0000000085d00000, 0x0000000085d00000|100%| O|  |TAMS 0x0000000085c00000, 0x0000000085c00000| Untracked 
|  93|0x0000000085d00000, 0x0000000085e00000, 0x0000000085e00000|100%| O|  |TAMS 0x0000000085d00000, 0x0000000085d00000| Untracked 
|  94|0x0000000085e00000, 0x0000000085e3ea00, 0x0000000085f00000| 24%| O|  |TAMS 0x0000000085e00000, 0x0000000085e00000| Untracked 
|  95|0x0000000085f00000, 0x0000000085f00000, 0x0000000086000000|  0%| F|  |TAMS 0x0000000085f00000, 0x0000000085f00000| Untracked 
|  96|0x0000000086000000, 0x0000000086000000, 0x0000000086100000|  0%| F|  |TAMS 0x0000000086000000, 0x0000000086000000| Untracked 
|  97|0x0000000086100000, 0x0000000086100000, 0x0000000086200000|  0%| F|  |TAMS 0x0000000086100000, 0x0000000086100000| Untracked 
|  98|0x0000000086200000, 0x0000000086200000, 0x0000000086300000|  0%| F|  |TAMS 0x0000000086200000, 0x0000000086200000| Untracked 
|  99|0x0000000086300000, 0x0000000086300000, 0x0000000086400000|  0%| F|  |TAMS 0x0000000086300000, 0x0000000086300000| Untracked 
| 100|0x0000000086400000, 0x0000000086400000, 0x0000000086500000|  0%| F|  |TAMS 0x0000000086400000, 0x0000000086400000| Untracked 
| 101|0x0000000086500000, 0x0000000086600000, 0x0000000086600000|100%| O|  |TAMS 0x0000000086600000, 0x0000000086500000| Untracked 
| 102|0x0000000086600000, 0x0000000086700000, 0x0000000086700000|100%| O|  |TAMS 0x0000000086700000, 0x0000000086600000| Untracked 
| 103|0x0000000086700000, 0x0000000086800000, 0x0000000086800000|100%| O|  |TAMS 0x0000000086800000, 0x0000000086700000| Untracked 
| 104|0x0000000086800000, 0x0000000086900000, 0x0000000086900000|100%| O|  |TAMS 0x0000000086900000, 0x0000000086800000| Untracked 
| 105|0x0000000086900000, 0x0000000086900000, 0x0000000086a00000|  0%| F|  |TAMS 0x0000000086900000, 0x0000000086900000| Untracked 
| 106|0x0000000086a00000, 0x0000000086a00000, 0x0000000086b00000|  0%| F|  |TAMS 0x0000000086a00000, 0x0000000086a00000| Untracked 
| 107|0x0000000086b00000, 0x0000000086b00000, 0x0000000086c00000|  0%| F|  |TAMS 0x0000000086b00000, 0x0000000086b00000| Untracked 
| 108|0x0000000086c00000, 0x0000000086c00000, 0x0000000086d00000|  0%| F|  |TAMS 0x0000000086c00000, 0x0000000086c00000| Untracked 
| 109|0x0000000086d00000, 0x0000000086d00000, 0x0000000086e00000|  0%| F|  |TAMS 0x0000000086d00000, 0x0000000086d00000| Untracked 
| 110|0x0000000086e00000, 0x0000000086e00000, 0x0000000086f00000|  0%| F|  |TAMS 0x0000000086e00000, 0x0000000086e00000| Untracked 
| 111|0x0000000086f00000, 0x0000000086f00000, 0x0000000087000000|  0%| F|  |TAMS 0x0000000086f00000, 0x0000000086f00000| Untracked 
| 112|0x0000000087000000, 0x0000000087000000, 0x0000000087100000|  0%| F|  |TAMS 0x0000000087000000, 0x0000000087000000| Untracked 
| 113|0x0000000087100000, 0x0000000087100000, 0x0000000087200000|  0%| F|  |TAMS 0x0000000087100000, 0x0000000087100000| Untracked 
| 114|0x0000000087200000, 0x0000000087200000, 0x0000000087300000|  0%| F|  |TAMS 0x0000000087200000, 0x0000000087200000| Untracked 
| 115|0x0000000087300000, 0x0000000087300000, 0x0000000087400000|  0%| F|  |TAMS 0x0000000087300000, 0x0000000087300000| Untracked 
| 116|0x0000000087400000, 0x0000000087400000, 0x0000000087500000|  0%| F|  |TAMS 0x0000000087400000, 0x0000000087400000| Untracked 
| 117|0x0000000087500000, 0x0000000087500000, 0x0000000087600000|  0%| F|  |TAMS 0x0000000087500000, 0x0000000087500000| Untracked 
| 118|0x0000000087600000, 0x0000000087600000, 0x0000000087700000|  0%| F|  |TAMS 0x0000000087600000, 0x0000000087600000| Untracked 
| 119|0x0000000087700000, 0x0000000087700000, 0x0000000087800000|  0%| F|  |TAMS 0x0000000087700000, 0x0000000087700000| Untracked 
| 120|0x0000000087800000, 0x0000000087800000, 0x0000000087900000|  0%| F|  |TAMS 0x0000000087800000, 0x0000000087800000| Untracked 
| 121|0x0000000087900000, 0x0000000087900000, 0x0000000087a00000|  0%| F|  |TAMS 0x0000000087900000, 0x0000000087900000| Untracked 
| 122|0x0000000087a00000, 0x0000000087a00000, 0x0000000087b00000|  0%| F|  |TAMS 0x0000000087a00000, 0x0000000087a00000| Untracked 
| 123|0x0000000087b00000, 0x0000000087b00000, 0x0000000087c00000|  0%| F|  |TAMS 0x0000000087b00000, 0x0000000087b00000| Untracked 
| 124|0x0000000087c00000, 0x0000000087c00000, 0x0000000087d00000|  0%| F|  |TAMS 0x0000000087c00000, 0x0000000087c00000| Untracked 
| 125|0x0000000087d00000, 0x0000000087d00000, 0x0000000087e00000|  0%| F|  |TAMS 0x0000000087d00000, 0x0000000087d00000| Untracked 
| 126|0x0000000087e00000, 0x0000000087e00000, 0x0000000087f00000|  0%| F|  |TAMS 0x0000000087e00000, 0x0000000087e00000| Untracked 
| 127|0x0000000087f00000, 0x0000000087f00000, 0x0000000088000000|  0%| F|  |TAMS 0x0000000087f00000, 0x0000000087f00000| Untracked 
| 128|0x0000000088000000, 0x0000000088000000, 0x0000000088100000|  0%| F|  |TAMS 0x0000000088000000, 0x0000000088000000| Untracked 
| 129|0x0000000088100000, 0x0000000088100000, 0x0000000088200000|  0%| F|  |TAMS 0x0000000088100000, 0x0000000088100000| Untracked 
| 130|0x0000000088200000, 0x0000000088200000, 0x0000000088300000|  0%| F|  |TAMS 0x0000000088200000, 0x0000000088200000| Untracked 
| 131|0x0000000088300000, 0x0000000088300000, 0x0000000088400000|  0%| F|  |TAMS 0x0000000088300000, 0x0000000088300000| Untracked 
| 132|0x0000000088400000, 0x0000000088400000, 0x0000000088500000|  0%| F|  |TAMS 0x0000000088400000, 0x0000000088400000| Untracked 
| 133|0x0000000088500000, 0x0000000088500000, 0x0000000088600000|  0%| F|  |TAMS 0x0000000088500000, 0x0000000088500000| Untracked 
| 134|0x0000000088600000, 0x0000000088600000, 0x0000000088700000|  0%| F|  |TAMS 0x0000000088600000, 0x0000000088600000| Untracked 
| 135|0x0000000088700000, 0x0000000088700000, 0x0000000088800000|  0%| F|  |TAMS 0x0000000088700000, 0x0000000088700000| Untracked 
| 136|0x0000000088800000, 0x0000000088800000, 0x0000000088900000|  0%| F|  |TAMS 0x0000000088800000, 0x0000000088800000| Untracked 
| 137|0x0000000088900000, 0x0000000088900000, 0x0000000088a00000|  0%| F|  |TAMS 0x0000000088900000, 0x0000000088900000| Untracked 
| 138|0x0000000088a00000, 0x0000000088a00000, 0x0000000088b00000|  0%| F|  |TAMS 0x0000000088a00000, 0x0000000088a00000| Untracked 
| 139|0x0000000088b00000, 0x0000000088b00000, 0x0000000088c00000|  0%| F|  |TAMS 0x0000000088b00000, 0x0000000088b00000| Untracked 
| 140|0x0000000088c00000, 0x0000000088c00000, 0x0000000088d00000|  0%| F|  |TAMS 0x0000000088c00000, 0x0000000088c00000| Untracked 
| 141|0x0000000088d00000, 0x0000000088d00000, 0x0000000088e00000|  0%| F|  |TAMS 0x0000000088d00000, 0x0000000088d00000| Untracked 
| 142|0x0000000088e00000, 0x0000000088e00000, 0x0000000088f00000|  0%| F|  |TAMS 0x0000000088e00000, 0x0000000088e00000| Untracked 
| 143|0x0000000088f00000, 0x0000000088f00000, 0x0000000089000000|  0%| F|  |TAMS 0x0000000088f00000, 0x0000000088f00000| Untracked 
| 144|0x0000000089000000, 0x0000000089000000, 0x0000000089100000|  0%| F|  |TAMS 0x0000000089000000, 0x0000000089000000| Untracked 
| 145|0x0000000089100000, 0x0000000089100000, 0x0000000089200000|  0%| F|  |TAMS 0x0000000089100000, 0x0000000089100000| Untracked 
| 146|0x0000000089200000, 0x0000000089200000, 0x0000000089300000|  0%| F|  |TAMS 0x0000000089200000, 0x0000000089200000| Untracked 
| 147|0x0000000089300000, 0x0000000089300000, 0x0000000089400000|  0%| F|  |TAMS 0x0000000089300000, 0x0000000089300000| Untracked 
| 148|0x0000000089400000, 0x0000000089400000, 0x0000000089500000|  0%| F|  |TAMS 0x0000000089400000, 0x0000000089400000| Untracked 
| 149|0x0000000089500000, 0x0000000089500000, 0x0000000089600000|  0%| F|  |TAMS 0x0000000089500000, 0x0000000089500000| Untracked 
| 150|0x0000000089600000, 0x0000000089600000, 0x0000000089700000|  0%| F|  |TAMS 0x0000000089600000, 0x0000000089600000| Untracked 
| 151|0x0000000089700000, 0x0000000089700000, 0x0000000089800000|  0%| F|  |TAMS 0x0000000089700000, 0x0000000089700000| Untracked 
| 152|0x0000000089800000, 0x0000000089800000, 0x0000000089900000|  0%| F|  |TAMS 0x0000000089800000, 0x0000000089800000| Untracked 
| 153|0x0000000089900000, 0x0000000089900000, 0x0000000089a00000|  0%| F|  |TAMS 0x0000000089900000, 0x0000000089900000| Untracked 
| 154|0x0000000089a00000, 0x0000000089a00000, 0x0000000089b00000|  0%| F|  |TAMS 0x0000000089a00000, 0x0000000089a00000| Untracked 
| 155|0x0000000089b00000, 0x0000000089b00000, 0x0000000089c00000|  0%| F|  |TAMS 0x0000000089b00000, 0x0000000089b00000| Untracked 
| 156|0x0000000089c00000, 0x0000000089c00000, 0x0000000089d00000|  0%| F|  |TAMS 0x0000000089c00000, 0x0000000089c00000| Untracked 
| 157|0x0000000089d00000, 0x0000000089d00000, 0x0000000089e00000|  0%| F|  |TAMS 0x0000000089d00000, 0x0000000089d00000| Untracked 
| 158|0x0000000089e00000, 0x0000000089e00000, 0x0000000089f00000|  0%| F|  |TAMS 0x0000000089e00000, 0x0000000089e00000| Untracked 
| 159|0x0000000089f00000, 0x0000000089f00000, 0x000000008a000000|  0%| F|  |TAMS 0x0000000089f00000, 0x0000000089f00000| Untracked 
| 160|0x000000008a000000, 0x000000008a000000, 0x000000008a100000|  0%| F|  |TAMS 0x000000008a000000, 0x000000008a000000| Untracked 
| 161|0x000000008a100000, 0x000000008a100000, 0x000000008a200000|  0%| F|  |TAMS 0x000000008a100000, 0x000000008a100000| Untracked 
| 162|0x000000008a200000, 0x000000008a200000, 0x000000008a300000|  0%| F|  |TAMS 0x000000008a200000, 0x000000008a200000| Untracked 
| 163|0x000000008a300000, 0x000000008a300000, 0x000000008a400000|  0%| F|  |TAMS 0x000000008a300000, 0x000000008a300000| Untracked 
| 164|0x000000008a400000, 0x000000008a400000, 0x000000008a500000|  0%| F|  |TAMS 0x000000008a400000, 0x000000008a400000| Untracked 
| 165|0x000000008a500000, 0x000000008a500000, 0x000000008a600000|  0%| F|  |TAMS 0x000000008a500000, 0x000000008a500000| Untracked 
| 166|0x000000008a600000, 0x000000008a600000, 0x000000008a700000|  0%| F|  |TAMS 0x000000008a600000, 0x000000008a600000| Untracked 
| 167|0x000000008a700000, 0x000000008a700000, 0x000000008a800000|  0%| F|  |TAMS 0x000000008a700000, 0x000000008a700000| Untracked 
| 168|0x000000008a800000, 0x000000008a800000, 0x000000008a900000|  0%| F|  |TAMS 0x000000008a800000, 0x000000008a800000| Untracked 
| 169|0x000000008a900000, 0x000000008a900000, 0x000000008aa00000|  0%| F|  |TAMS 0x000000008a900000, 0x000000008a900000| Untracked 
| 170|0x000000008aa00000, 0x000000008aa00000, 0x000000008ab00000|  0%| F|  |TAMS 0x000000008aa00000, 0x000000008aa00000| Untracked 
| 171|0x000000008ab00000, 0x000000008ab00000, 0x000000008ac00000|  0%| F|  |TAMS 0x000000008ab00000, 0x000000008ab00000| Untracked 
| 172|0x000000008ac00000, 0x000000008ac00000, 0x000000008ad00000|  0%| F|  |TAMS 0x000000008ac00000, 0x000000008ac00000| Untracked 
| 173|0x000000008ad00000, 0x000000008ad00000, 0x000000008ae00000|  0%| F|  |TAMS 0x000000008ad00000, 0x000000008ad00000| Untracked 
| 174|0x000000008ae00000, 0x000000008ae00000, 0x000000008af00000|  0%| F|  |TAMS 0x000000008ae00000, 0x000000008ae00000| Untracked 
| 175|0x000000008af00000, 0x000000008af00000, 0x000000008b000000|  0%| F|  |TAMS 0x000000008af00000, 0x000000008af00000| Untracked 
| 176|0x000000008b000000, 0x000000008b000000, 0x000000008b100000|  0%| F|  |TAMS 0x000000008b000000, 0x000000008b000000| Untracked 
| 177|0x000000008b100000, 0x000000008b100000, 0x000000008b200000|  0%| F|  |TAMS 0x000000008b100000, 0x000000008b100000| Untracked 
| 178|0x000000008b200000, 0x000000008b200000, 0x000000008b300000|  0%| F|  |TAMS 0x000000008b200000, 0x000000008b200000| Untracked 
| 179|0x000000008b300000, 0x000000008b300000, 0x000000008b400000|  0%| F|  |TAMS 0x000000008b300000, 0x000000008b300000| Untracked 
| 180|0x000000008b400000, 0x000000008b400000, 0x000000008b500000|  0%| F|  |TAMS 0x000000008b400000, 0x000000008b400000| Untracked 
| 181|0x000000008b500000, 0x000000008b500000, 0x000000008b600000|  0%| F|  |TAMS 0x000000008b500000, 0x000000008b500000| Untracked 
| 182|0x000000008b600000, 0x000000008b600000, 0x000000008b700000|  0%| F|  |TAMS 0x000000008b600000, 0x000000008b600000| Untracked 
| 183|0x000000008b700000, 0x000000008b700000, 0x000000008b800000|  0%| F|  |TAMS 0x000000008b700000, 0x000000008b700000| Untracked 
| 184|0x000000008b800000, 0x000000008b800000, 0x000000008b900000|  0%| F|  |TAMS 0x000000008b800000, 0x000000008b800000| Untracked 
| 185|0x000000008b900000, 0x000000008b900000, 0x000000008ba00000|  0%| F|  |TAMS 0x000000008b900000, 0x000000008b900000| Untracked 
| 186|0x000000008ba00000, 0x000000008ba00000, 0x000000008bb00000|  0%| F|  |TAMS 0x000000008ba00000, 0x000000008ba00000| Untracked 
| 187|0x000000008bb00000, 0x000000008bb00000, 0x000000008bc00000|  0%| F|  |TAMS 0x000000008bb00000, 0x000000008bb00000| Untracked 
| 188|0x000000008bc00000, 0x000000008bc00000, 0x000000008bd00000|  0%| F|  |TAMS 0x000000008bc00000, 0x000000008bc00000| Untracked 
| 189|0x000000008bd00000, 0x000000008bd00000, 0x000000008be00000|  0%| F|  |TAMS 0x000000008bd00000, 0x000000008bd00000| Untracked 
| 190|0x000000008be00000, 0x000000008be00000, 0x000000008bf00000|  0%| F|  |TAMS 0x000000008be00000, 0x000000008be00000| Untracked 
| 191|0x000000008bf00000, 0x000000008bf00000, 0x000000008c000000|  0%| F|  |TAMS 0x000000008bf00000, 0x000000008bf00000| Untracked 
| 192|0x000000008c000000, 0x000000008c000000, 0x000000008c100000|  0%| F|  |TAMS 0x000000008c000000, 0x000000008c000000| Untracked 
| 193|0x000000008c100000, 0x000000008c100000, 0x000000008c200000|  0%| F|  |TAMS 0x000000008c100000, 0x000000008c100000| Untracked 
| 194|0x000000008c200000, 0x000000008c200000, 0x000000008c300000|  0%| F|  |TAMS 0x000000008c200000, 0x000000008c200000| Untracked 
| 195|0x000000008c300000, 0x000000008c300000, 0x000000008c400000|  0%| F|  |TAMS 0x000000008c300000, 0x000000008c300000| Untracked 
| 196|0x000000008c400000, 0x000000008c400000, 0x000000008c500000|  0%| F|  |TAMS 0x000000008c400000, 0x000000008c400000| Untracked 
| 197|0x000000008c500000, 0x000000008c500000, 0x000000008c600000|  0%| F|  |TAMS 0x000000008c500000, 0x000000008c500000| Untracked 
| 198|0x000000008c600000, 0x000000008c600000, 0x000000008c700000|  0%| F|  |TAMS 0x000000008c600000, 0x000000008c600000| Untracked 
| 199|0x000000008c700000, 0x000000008c700000, 0x000000008c800000|  0%| F|  |TAMS 0x000000008c700000, 0x000000008c700000| Untracked 
| 200|0x000000008c800000, 0x000000008c800000, 0x000000008c900000|  0%| F|  |TAMS 0x000000008c800000, 0x000000008c800000| Untracked 
| 201|0x000000008c900000, 0x000000008c900000, 0x000000008ca00000|  0%| F|  |TAMS 0x000000008c900000, 0x000000008c900000| Untracked 
| 202|0x000000008ca00000, 0x000000008ca00000, 0x000000008cb00000|  0%| F|  |TAMS 0x000000008ca00000, 0x000000008ca00000| Untracked 
| 203|0x000000008cb00000, 0x000000008cb00000, 0x000000008cc00000|  0%| F|  |TAMS 0x000000008cb00000, 0x000000008cb00000| Untracked 
| 204|0x000000008cc00000, 0x000000008cc00000, 0x000000008cd00000|  0%| F|  |TAMS 0x000000008cc00000, 0x000000008cc00000| Untracked 
| 205|0x000000008cd00000, 0x000000008cd00000, 0x000000008ce00000|  0%| F|  |TAMS 0x000000008cd00000, 0x000000008cd00000| Untracked 
| 206|0x000000008ce00000, 0x000000008ce00000, 0x000000008cf00000|  0%| F|  |TAMS 0x000000008ce00000, 0x000000008ce00000| Untracked 
| 207|0x000000008cf00000, 0x000000008cf00000, 0x000000008d000000|  0%| F|  |TAMS 0x000000008cf00000, 0x000000008cf00000| Untracked 
| 208|0x000000008d000000, 0x000000008d000000, 0x000000008d100000|  0%| F|  |TAMS 0x000000008d000000, 0x000000008d000000| Untracked 
| 209|0x000000008d100000, 0x000000008d100000, 0x000000008d200000|  0%| F|  |TAMS 0x000000008d100000, 0x000000008d100000| Untracked 
| 210|0x000000008d200000, 0x000000008d200000, 0x000000008d300000|  0%| F|  |TAMS 0x000000008d200000, 0x000000008d200000| Untracked 
| 211|0x000000008d300000, 0x000000008d300000, 0x000000008d400000|  0%| F|  |TAMS 0x000000008d300000, 0x000000008d300000| Untracked 
| 212|0x000000008d400000, 0x000000008d400000, 0x000000008d500000|  0%| F|  |TAMS 0x000000008d400000, 0x000000008d400000| Untracked 
| 213|0x000000008d500000, 0x000000008d500000, 0x000000008d600000|  0%| F|  |TAMS 0x000000008d500000, 0x000000008d500000| Untracked 
| 214|0x000000008d600000, 0x000000008d600000, 0x000000008d700000|  0%| F|  |TAMS 0x000000008d600000, 0x000000008d600000| Untracked 
| 215|0x000000008d700000, 0x000000008d700000, 0x000000008d800000|  0%| F|  |TAMS 0x000000008d700000, 0x000000008d700000| Untracked 
| 216|0x000000008d800000, 0x000000008d800000, 0x000000008d900000|  0%| F|  |TAMS 0x000000008d800000, 0x000000008d800000| Untracked 
| 217|0x000000008d900000, 0x000000008d900000, 0x000000008da00000|  0%| F|  |TAMS 0x000000008d900000, 0x000000008d900000| Untracked 
| 218|0x000000008da00000, 0x000000008da00000, 0x000000008db00000|  0%| F|  |TAMS 0x000000008da00000, 0x000000008da00000| Untracked 
| 219|0x000000008db00000, 0x000000008db00000, 0x000000008dc00000|  0%| F|  |TAMS 0x000000008db00000, 0x000000008db00000| Untracked 
| 220|0x000000008dc00000, 0x000000008dc00000, 0x000000008dd00000|  0%| F|  |TAMS 0x000000008dc00000, 0x000000008dc00000| Untracked 
| 221|0x000000008dd00000, 0x000000008dd00000, 0x000000008de00000|  0%| F|  |TAMS 0x000000008dd00000, 0x000000008dd00000| Untracked 
| 222|0x000000008de00000, 0x000000008de00000, 0x000000008df00000|  0%| F|  |TAMS 0x000000008de00000, 0x000000008de00000| Untracked 
| 223|0x000000008df00000, 0x000000008df00000, 0x000000008e000000|  0%| F|  |TAMS 0x000000008df00000, 0x000000008df00000| Untracked 
| 224|0x000000008e000000, 0x000000008e000000, 0x000000008e100000|  0%| F|  |TAMS 0x000000008e000000, 0x000000008e000000| Untracked 
| 225|0x000000008e100000, 0x000000008e100000, 0x000000008e200000|  0%| F|  |TAMS 0x000000008e100000, 0x000000008e100000| Untracked 
| 226|0x000000008e200000, 0x000000008e200000, 0x000000008e300000|  0%| F|  |TAMS 0x000000008e200000, 0x000000008e200000| Untracked 
| 227|0x000000008e300000, 0x000000008e300000, 0x000000008e400000|  0%| F|  |TAMS 0x000000008e300000, 0x000000008e300000| Untracked 
| 228|0x000000008e400000, 0x000000008e400000, 0x000000008e500000|  0%| F|  |TAMS 0x000000008e400000, 0x000000008e400000| Untracked 
| 229|0x000000008e500000, 0x000000008e500000, 0x000000008e600000|  0%| F|  |TAMS 0x000000008e500000, 0x000000008e500000| Untracked 
| 230|0x000000008e600000, 0x000000008e600000, 0x000000008e700000|  0%| F|  |TAMS 0x000000008e600000, 0x000000008e600000| Untracked 
| 231|0x000000008e700000, 0x000000008e700000, 0x000000008e800000|  0%| F|  |TAMS 0x000000008e700000, 0x000000008e700000| Untracked 
| 232|0x000000008e800000, 0x000000008e800000, 0x000000008e900000|  0%| F|  |TAMS 0x000000008e800000, 0x000000008e800000| Untracked 
| 233|0x000000008e900000, 0x000000008e900000, 0x000000008ea00000|  0%| F|  |TAMS 0x000000008e900000, 0x000000008e900000| Untracked 
| 234|0x000000008ea00000, 0x000000008ea00000, 0x000000008eb00000|  0%| F|  |TAMS 0x000000008ea00000, 0x000000008ea00000| Untracked 
| 235|0x000000008eb00000, 0x000000008eb00000, 0x000000008ec00000|  0%| F|  |TAMS 0x000000008eb00000, 0x000000008eb00000| Untracked 
| 236|0x000000008ec00000, 0x000000008ec00000, 0x000000008ed00000|  0%| F|  |TAMS 0x000000008ec00000, 0x000000008ec00000| Untracked 
| 237|0x000000008ed00000, 0x000000008ed00000, 0x000000008ee00000|  0%| F|  |TAMS 0x000000008ed00000, 0x000000008ed00000| Untracked 
| 238|0x000000008ee00000, 0x000000008ee00000, 0x000000008ef00000|  0%| F|  |TAMS 0x000000008ee00000, 0x000000008ee00000| Untracked 
| 239|0x000000008ef00000, 0x000000008ef00000, 0x000000008f000000|  0%| F|  |TAMS 0x000000008ef00000, 0x000000008ef00000| Untracked 
| 240|0x000000008f000000, 0x000000008f000000, 0x000000008f100000|  0%| F|  |TAMS 0x000000008f000000, 0x000000008f000000| Untracked 
| 241|0x000000008f100000, 0x000000008f100000, 0x000000008f200000|  0%| F|  |TAMS 0x000000008f100000, 0x000000008f100000| Untracked 
| 242|0x000000008f200000, 0x000000008f200000, 0x000000008f300000|  0%| F|  |TAMS 0x000000008f200000, 0x000000008f200000| Untracked 
| 243|0x000000008f300000, 0x000000008f300000, 0x000000008f400000|  0%| F|  |TAMS 0x000000008f300000, 0x000000008f300000| Untracked 
| 244|0x000000008f400000, 0x000000008f400000, 0x000000008f500000|  0%| F|  |TAMS 0x000000008f400000, 0x000000008f400000| Untracked 
| 245|0x000000008f500000, 0x000000008f500000, 0x000000008f600000|  0%| F|  |TAMS 0x000000008f500000, 0x000000008f500000| Untracked 
| 246|0x000000008f600000, 0x000000008f600000, 0x000000008f700000|  0%| F|  |TAMS 0x000000008f600000, 0x000000008f600000| Untracked 
| 247|0x000000008f700000, 0x000000008f700000, 0x000000008f800000|  0%| F|  |TAMS 0x000000008f700000, 0x000000008f700000| Untracked 
| 248|0x000000008f800000, 0x000000008f800000, 0x000000008f900000|  0%| F|  |TAMS 0x000000008f800000, 0x000000008f800000| Untracked 
| 249|0x000000008f900000, 0x000000008f900000, 0x000000008fa00000|  0%| F|  |TAMS 0x000000008f900000, 0x000000008f900000| Untracked 
| 250|0x000000008fa00000, 0x000000008fa00000, 0x000000008fb00000|  0%| F|  |TAMS 0x000000008fa00000, 0x000000008fa00000| Untracked 
| 251|0x000000008fb00000, 0x000000008fb00000, 0x000000008fc00000|  0%| F|  |TAMS 0x000000008fb00000, 0x000000008fb00000| Untracked 
| 252|0x000000008fc00000, 0x000000008fc00000, 0x000000008fd00000|  0%| F|  |TAMS 0x000000008fc00000, 0x000000008fc00000| Untracked 
| 253|0x000000008fd00000, 0x000000008fd00000, 0x000000008fe00000|  0%| F|  |TAMS 0x000000008fd00000, 0x000000008fd00000| Untracked 
| 254|0x000000008fe00000, 0x000000008fe00000, 0x000000008ff00000|  0%| F|  |TAMS 0x000000008fe00000, 0x000000008fe00000| Untracked 
| 255|0x000000008ff00000, 0x000000008ff00000, 0x0000000090000000|  0%| F|  |TAMS 0x000000008ff00000, 0x000000008ff00000| Untracked 
| 256|0x0000000090000000, 0x0000000090000000, 0x0000000090100000|  0%| F|  |TAMS 0x0000000090000000, 0x0000000090000000| Untracked 
| 257|0x0000000090100000, 0x0000000090100000, 0x0000000090200000|  0%| F|  |TAMS 0x0000000090100000, 0x0000000090100000| Untracked 
| 258|0x0000000090200000, 0x0000000090200000, 0x0000000090300000|  0%| F|  |TAMS 0x0000000090200000, 0x0000000090200000| Untracked 
| 259|0x0000000090300000, 0x0000000090300000, 0x0000000090400000|  0%| F|  |TAMS 0x0000000090300000, 0x0000000090300000| Untracked 
| 260|0x0000000090400000, 0x0000000090400000, 0x0000000090500000|  0%| F|  |TAMS 0x0000000090400000, 0x0000000090400000| Untracked 
| 261|0x0000000090500000, 0x0000000090500000, 0x0000000090600000|  0%| F|  |TAMS 0x0000000090500000, 0x0000000090500000| Untracked 
| 262|0x0000000090600000, 0x0000000090600000, 0x0000000090700000|  0%| F|  |TAMS 0x0000000090600000, 0x0000000090600000| Untracked 
| 263|0x0000000090700000, 0x0000000090700000, 0x0000000090800000|  0%| F|  |TAMS 0x0000000090700000, 0x0000000090700000| Untracked 
| 264|0x0000000090800000, 0x0000000090800000, 0x0000000090900000|  0%| F|  |TAMS 0x0000000090800000, 0x0000000090800000| Untracked 
| 265|0x0000000090900000, 0x0000000090900000, 0x0000000090a00000|  0%| F|  |TAMS 0x0000000090900000, 0x0000000090900000| Untracked 
| 266|0x0000000090a00000, 0x0000000090a00000, 0x0000000090b00000|  0%| F|  |TAMS 0x0000000090a00000, 0x0000000090a00000| Untracked 
| 267|0x0000000090b00000, 0x0000000090b00000, 0x0000000090c00000|  0%| F|  |TAMS 0x0000000090b00000, 0x0000000090b00000| Untracked 
| 268|0x0000000090c00000, 0x0000000090c00000, 0x0000000090d00000|  0%| F|  |TAMS 0x0000000090c00000, 0x0000000090c00000| Untracked 
| 269|0x0000000090d00000, 0x0000000090d00000, 0x0000000090e00000|  0%| F|  |TAMS 0x0000000090d00000, 0x0000000090d00000| Untracked 
| 270|0x0000000090e00000, 0x0000000090e00000, 0x0000000090f00000|  0%| F|  |TAMS 0x0000000090e00000, 0x0000000090e00000| Untracked 
| 271|0x0000000090f00000, 0x0000000090f00000, 0x0000000091000000|  0%| F|  |TAMS 0x0000000090f00000, 0x0000000090f00000| Untracked 
| 272|0x0000000091000000, 0x0000000091000000, 0x0000000091100000|  0%| F|  |TAMS 0x0000000091000000, 0x0000000091000000| Untracked 
| 273|0x0000000091100000, 0x0000000091100000, 0x0000000091200000|  0%| F|  |TAMS 0x0000000091100000, 0x0000000091100000| Untracked 
| 274|0x0000000091200000, 0x0000000091200000, 0x0000000091300000|  0%| F|  |TAMS 0x0000000091200000, 0x0000000091200000| Untracked 
| 275|0x0000000091300000, 0x0000000091300000, 0x0000000091400000|  0%| F|  |TAMS 0x0000000091300000, 0x0000000091300000| Untracked 
| 276|0x0000000091400000, 0x0000000091400000, 0x0000000091500000|  0%| F|  |TAMS 0x0000000091400000, 0x0000000091400000| Untracked 
| 277|0x0000000091500000, 0x0000000091500000, 0x0000000091600000|  0%| F|  |TAMS 0x0000000091500000, 0x0000000091500000| Untracked 
| 278|0x0000000091600000, 0x0000000091600000, 0x0000000091700000|  0%| F|  |TAMS 0x0000000091600000, 0x0000000091600000| Untracked 
| 279|0x0000000091700000, 0x0000000091700000, 0x0000000091800000|  0%| F|  |TAMS 0x0000000091700000, 0x0000000091700000| Untracked 
| 280|0x0000000091800000, 0x0000000091800000, 0x0000000091900000|  0%| F|  |TAMS 0x0000000091800000, 0x0000000091800000| Untracked 
| 281|0x0000000091900000, 0x0000000091900000, 0x0000000091a00000|  0%| F|  |TAMS 0x0000000091900000, 0x0000000091900000| Untracked 
| 282|0x0000000091a00000, 0x0000000091a00000, 0x0000000091b00000|  0%| F|  |TAMS 0x0000000091a00000, 0x0000000091a00000| Untracked 
| 283|0x0000000091b00000, 0x0000000091b00000, 0x0000000091c00000|  0%| F|  |TAMS 0x0000000091b00000, 0x0000000091b00000| Untracked 
| 284|0x0000000091c00000, 0x0000000091c00000, 0x0000000091d00000|  0%| F|  |TAMS 0x0000000091c00000, 0x0000000091c00000| Untracked 
| 285|0x0000000091d00000, 0x0000000091d00000, 0x0000000091e00000|  0%| F|  |TAMS 0x0000000091d00000, 0x0000000091d00000| Untracked 
| 286|0x0000000091e00000, 0x0000000091e00000, 0x0000000091f00000|  0%| F|  |TAMS 0x0000000091e00000, 0x0000000091e00000| Untracked 
| 287|0x0000000091f00000, 0x0000000091f00000, 0x0000000092000000|  0%| F|  |TAMS 0x0000000091f00000, 0x0000000091f00000| Untracked 
| 288|0x0000000092000000, 0x0000000092000000, 0x0000000092100000|  0%| F|  |TAMS 0x0000000092000000, 0x0000000092000000| Untracked 
| 289|0x0000000092100000, 0x0000000092100000, 0x0000000092200000|  0%| F|  |TAMS 0x0000000092100000, 0x0000000092100000| Untracked 
| 290|0x0000000092200000, 0x0000000092200000, 0x0000000092300000|  0%| F|  |TAMS 0x0000000092200000, 0x0000000092200000| Untracked 
| 291|0x0000000092300000, 0x0000000092300000, 0x0000000092400000|  0%| F|  |TAMS 0x0000000092300000, 0x0000000092300000| Untracked 
| 292|0x0000000092400000, 0x00000000924909f0, 0x0000000092500000| 56%| S|CS|TAMS 0x0000000092400000, 0x0000000092400000| Complete 
| 293|0x0000000092500000, 0x0000000092600000, 0x0000000092600000|100%| S|CS|TAMS 0x0000000092500000, 0x0000000092500000| Complete 
| 294|0x0000000092600000, 0x0000000092700000, 0x0000000092700000|100%| S|CS|TAMS 0x0000000092600000, 0x0000000092600000| Complete 
| 295|0x0000000092700000, 0x0000000092800000, 0x0000000092800000|100%| S|CS|TAMS 0x0000000092700000, 0x0000000092700000| Complete 
| 296|0x0000000092800000, 0x0000000092900000, 0x0000000092900000|100%| S|CS|TAMS 0x0000000092800000, 0x0000000092800000| Complete 
| 297|0x0000000092900000, 0x0000000092900000, 0x0000000092a00000|  0%| F|  |TAMS 0x0000000092900000, 0x0000000092900000| Untracked 
| 298|0x0000000092a00000, 0x0000000092a00000, 0x0000000092b00000|  0%| F|  |TAMS 0x0000000092a00000, 0x0000000092a00000| Untracked 
| 299|0x0000000092b00000, 0x0000000092b00000, 0x0000000092c00000|  0%| F|  |TAMS 0x0000000092b00000, 0x0000000092b00000| Untracked 
| 300|0x0000000092c00000, 0x0000000092c00000, 0x0000000092d00000|  0%| F|  |TAMS 0x0000000092c00000, 0x0000000092c00000| Untracked 
| 301|0x0000000092d00000, 0x0000000092d00000, 0x0000000092e00000|  0%| F|  |TAMS 0x0000000092d00000, 0x0000000092d00000| Untracked 
| 302|0x0000000092e00000, 0x0000000092e00000, 0x0000000092f00000|  0%| F|  |TAMS 0x0000000092e00000, 0x0000000092e00000| Untracked 
| 303|0x0000000092f00000, 0x0000000092f00000, 0x0000000093000000|  0%| F|  |TAMS 0x0000000092f00000, 0x0000000092f00000| Untracked 
| 304|0x0000000093000000, 0x0000000093000000, 0x0000000093100000|  0%| F|  |TAMS 0x0000000093000000, 0x0000000093000000| Untracked 
| 305|0x0000000093100000, 0x0000000093100000, 0x0000000093200000|  0%| F|  |TAMS 0x0000000093100000, 0x0000000093100000| Untracked 
| 306|0x0000000093200000, 0x000000009327df20, 0x0000000093300000| 49%| E|  |TAMS 0x0000000093200000, 0x0000000093200000| Complete 
| 307|0x0000000093300000, 0x0000000093400000, 0x0000000093400000|100%| E|CS|TAMS 0x0000000093300000, 0x0000000093300000| Complete 
| 308|0x0000000093400000, 0x0000000093500000, 0x0000000093500000|100%| E|CS|TAMS 0x0000000093400000, 0x0000000093400000| Complete 
| 309|0x0000000093500000, 0x0000000093600000, 0x0000000093600000|100%| E|CS|TAMS 0x0000000093500000, 0x0000000093500000| Complete 
| 310|0x0000000093600000, 0x0000000093700000, 0x0000000093700000|100%| E|CS|TAMS 0x0000000093600000, 0x0000000093600000| Complete 
| 311|0x0000000093700000, 0x0000000093800000, 0x0000000093800000|100%| E|CS|TAMS 0x0000000093700000, 0x0000000093700000| Complete 
| 312|0x0000000093800000, 0x0000000093900000, 0x0000000093900000|100%| E|CS|TAMS 0x0000000093800000, 0x0000000093800000| Complete 
| 313|0x0000000093900000, 0x0000000093a00000, 0x0000000093a00000|100%| E|CS|TAMS 0x0000000093900000, 0x0000000093900000| Complete 
| 314|0x0000000093a00000, 0x0000000093b00000, 0x0000000093b00000|100%| E|CS|TAMS 0x0000000093a00000, 0x0000000093a00000| Complete 
| 315|0x0000000093b00000, 0x0000000093c00000, 0x0000000093c00000|100%| E|CS|TAMS 0x0000000093b00000, 0x0000000093b00000| Complete 
| 316|0x0000000093c00000, 0x0000000093d00000, 0x0000000093d00000|100%| E|CS|TAMS 0x0000000093c00000, 0x0000000093c00000| Complete 
| 317|0x0000000093d00000, 0x0000000093e00000, 0x0000000093e00000|100%| E|CS|TAMS 0x0000000093d00000, 0x0000000093d00000| Complete 
| 318|0x0000000093e00000, 0x0000000093f00000, 0x0000000093f00000|100%| E|CS|TAMS 0x0000000093e00000, 0x0000000093e00000| Complete 
| 319|0x0000000093f00000, 0x0000000094000000, 0x0000000094000000|100%| E|CS|TAMS 0x0000000093f00000, 0x0000000093f00000| Complete 
| 320|0x0000000094000000, 0x0000000094100000, 0x0000000094100000|100%| E|CS|TAMS 0x0000000094000000, 0x0000000094000000| Complete 
| 321|0x0000000094100000, 0x0000000094200000, 0x0000000094200000|100%| E|CS|TAMS 0x0000000094100000, 0x0000000094100000| Complete 
| 322|0x0000000094200000, 0x0000000094300000, 0x0000000094300000|100%| E|CS|TAMS 0x0000000094200000, 0x0000000094200000| Complete 
| 323|0x0000000094300000, 0x0000000094400000, 0x0000000094400000|100%| E|CS|TAMS 0x0000000094300000, 0x0000000094300000| Complete 
| 324|0x0000000094400000, 0x0000000094500000, 0x0000000094500000|100%| E|CS|TAMS 0x0000000094400000, 0x0000000094400000| Complete 
| 325|0x0000000094500000, 0x0000000094600000, 0x0000000094600000|100%| E|CS|TAMS 0x0000000094500000, 0x0000000094500000| Complete 
| 326|0x0000000094600000, 0x0000000094700000, 0x0000000094700000|100%| E|CS|TAMS 0x0000000094600000, 0x0000000094600000| Complete 
| 327|0x0000000094700000, 0x0000000094800000, 0x0000000094800000|100%| E|CS|TAMS 0x0000000094700000, 0x0000000094700000| Complete 
| 328|0x0000000094800000, 0x0000000094900000, 0x0000000094900000|100%| E|CS|TAMS 0x0000000094800000, 0x0000000094800000| Complete 
| 329|0x0000000094900000, 0x0000000094a00000, 0x0000000094a00000|100%| E|CS|TAMS 0x0000000094900000, 0x0000000094900000| Complete 
| 330|0x0000000094a00000, 0x0000000094b00000, 0x0000000094b00000|100%| E|CS|TAMS 0x0000000094a00000, 0x0000000094a00000| Complete 
| 331|0x0000000094b00000, 0x0000000094c00000, 0x0000000094c00000|100%| E|CS|TAMS 0x0000000094b00000, 0x0000000094b00000| Complete 
| 332|0x0000000094c00000, 0x0000000094d00000, 0x0000000094d00000|100%| E|CS|TAMS 0x0000000094c00000, 0x0000000094c00000| Complete 
| 333|0x0000000094d00000, 0x0000000094e00000, 0x0000000094e00000|100%| E|CS|TAMS 0x0000000094d00000, 0x0000000094d00000| Complete 
| 334|0x0000000094e00000, 0x0000000094f00000, 0x0000000094f00000|100%| E|CS|TAMS 0x0000000094e00000, 0x0000000094e00000| Complete 
| 335|0x0000000094f00000, 0x0000000095000000, 0x0000000095000000|100%| E|CS|TAMS 0x0000000094f00000, 0x0000000094f00000| Complete 
| 336|0x0000000095000000, 0x0000000095100000, 0x0000000095100000|100%| E|CS|TAMS 0x0000000095000000, 0x0000000095000000| Complete 

Card table byte_map: [0x000001f69ec60000,0x000001f69f060000] _byte_map_base: 0x000001f69e860000

Marking Bits (Prev, Next): (CMBitMap*) 0x000001f68bd72bb8, (CMBitMap*) 0x000001f68bd72bf0
 Prev Bits: [0x000001f69f460000, 0x000001f6a1460000)
 Next Bits: [0x000001f6a1460000, 0x000001f6a3460000)

Polling page: 0x000001f689d30000

Metaspace:

Usage:
  Non-class:     91.25 MB capacity,    89.60 MB ( 98%) used,     1.32 MB (  1%) free+waste,   331.50 KB ( <1%) overhead. 
      Class:     14.09 MB capacity,    13.07 MB ( 93%) used,   890.28 KB (  6%) free+waste,   147.81 KB (  1%) overhead. 
       Both:    105.34 MB capacity,   102.68 MB ( 97%) used,     2.19 MB (  2%) free+waste,   479.31 KB ( <1%) overhead. 

Virtual space:
  Non-class space:       92.00 MB reserved,      91.32 MB (>99%) committed 
      Class space:        1.00 GB reserved,      14.12 MB (  1%) committed 
             Both:        1.09 GB reserved,     105.45 MB (  9%) committed 

Chunk freelists:
   Non-Class:  12.00 KB
       Class:  7.00 KB
        Both:  19.00 KB

MaxMetaspaceSize: 17179869184.00 GB
CompressedClassSpaceSize: 1.00 GB
Initial GC threshold: 20.80 MB
Current GC threshold: 169.08 MB
CDS: off

CodeHeap 'non-profiled nmethods': size=120064Kb used=8739Kb max_used=8739Kb free=111324Kb
 bounds [0x000001f697320000, 0x000001f697bb0000, 0x000001f69e860000]
CodeHeap 'profiled nmethods': size=120000Kb used=32182Kb max_used=32182Kb free=87817Kb
 bounds [0x000001f68fdf0000, 0x000001f691d60000, 0x000001f697320000]
CodeHeap 'non-nmethods': size=5696Kb used=2435Kb max_used=2480Kb free=3260Kb
 bounds [0x000001f68f860000, 0x000001f68fae0000, 0x000001f68fdf0000]
 total_blobs=15280 nmethods=14306 adapters=886
 compilation: enabled
              stopped_count=0, restarted_count=0
 full_count=0

Compilation events (20 events):
Event: 165.766 Thread 0x000001f6a595f800 nmethod 14414 0x000001f697ba7510 code [0x000001f697ba7720, 0x000001f697ba7e20]
Event: 165.766 Thread 0x000001f6a595f800 14460       4       java.io.ObjectStreamClass::requireInitialized (18 bytes)
Event: 165.767 Thread 0x000001f6a595f800 nmethod 14460 0x000001f697ba8290 code [0x000001f697ba8420, 0x000001f697ba8498]
Event: 165.767 Thread 0x000001f6a595f800 14415       4       sun.nio.fs.WindowsFileAttributes::<init> (57 bytes)
Event: 165.767 Thread 0x000001f6a595f800 nmethod 14415 0x000001f697ba8590 code [0x000001f697ba8720, 0x000001f697ba87b8]
Event: 166.914 Thread 0x000001f6a595f800 14470 %     4       javax.management.ObjectName::construct @ 86 (1135 bytes)
Event: 167.067 Thread 0x000001f6a5964000 14472       3       java.io.File::<init> (113 bytes)
Event: 167.069 Thread 0x000001f6a5964000 nmethod 14472 0x000001f691d55810 code [0x000001f691d55ae0, 0x000001f691d564e8]
Event: 167.102 Thread 0x000001f6a5964000 14474       2       org.gradle.internal.logging.text.AbstractLineChoppingStyledTextOutput$1::execute (9 bytes)
Event: 167.103 Thread 0x000001f6a5964000 nmethod 14474 0x000001f691d56890 code [0x000001f691d56a40, 0x000001f691d56b88]
Event: 167.126 Thread 0x000001f6a5964000 14475       1       org.gradle.internal.logging.events.RenderableOutputEvent::getBuildOperationId (5 bytes)
Event: 167.126 Thread 0x000001f6a5964000 nmethod 14475 0x000001f697ba8890 code [0x000001f697ba8a40, 0x000001f697ba8af8]
Event: 167.127 Thread 0x000001f6a5964000 14476       1       net.rubygrapefruit.platform.internal.jni.NativeLogger$LogLevel::getLevel (5 bytes)
Event: 167.128 Thread 0x000001f6a5964000 nmethod 14476 0x000001f697ba8b90 code [0x000001f697ba8d40, 0x000001f697ba8df8]
Event: 167.129 Thread 0x000001f6a5964000 14477       3       org.gradle.internal.file.FileHierarchySet$Node::contains (101 bytes)
Event: 167.130 Thread 0x000001f6a5964000 nmethod 14477 0x000001f691d56c90 code [0x000001f691d56ee0, 0x000001f691d57818]
Event: 167.131 Thread 0x000001f6a5964000 14478   !   3       java.util.concurrent.ArrayBlockingQueue::take (46 bytes)
Event: 167.132 Thread 0x000001f6a5964000 nmethod 14478 0x000001f691d57b10 code [0x000001f691d57d80, 0x000001f691d586b8]
Event: 167.175 Thread 0x000001f6a5964000 14481   !   3       java.util.concurrent.ArrayBlockingQueue::offer (56 bytes)
Event: 167.177 Thread 0x000001f6a5964000 nmethod 14481 0x000001f691d58b10 code [0x000001f691d58da0, 0x000001f691d59868]

GC Heap History (20 events):
Event: 98.079 GC heap before
{Heap before GC invocations=71 (full 0):
 garbage-first heap   total 165888K, used 115727K [0x0000000080000000, 0x0000000100000000)
  region size 1024K, 57 young (58368K), 4 survivors (4096K)
 Metaspace       used 69130K, capacity 70872K, committed 71088K, reserved 1112064K
  class space    used 8728K, capacity 9413K, committed 9472K, reserved 1048576K
}
Event: 98.125 GC heap after
{Heap after GC invocations=72 (full 0):
 garbage-first heap   total 165888K, used 64878K [0x0000000080000000, 0x0000000100000000)
  region size 1024K, 7 young (7168K), 7 survivors (7168K)
 Metaspace       used 69130K, capacity 70872K, committed 71088K, reserved 1112064K
  class space    used 8728K, capacity 9413K, committed 9472K, reserved 1048576K
}
Event: 103.348 GC heap before
{Heap before GC invocations=72 (full 0):
 garbage-first heap   total 165888K, used 122222K [0x0000000080000000, 0x0000000100000000)
  region size 1024K, 63 young (64512K), 7 survivors (7168K)
 Metaspace       used 75157K, capacity 76970K, committed 77232K, reserved 1116160K
  class space    used 9719K, capacity 10428K, committed 10496K, reserved 1048576K
}
Event: 103.408 GC heap after
{Heap after GC invocations=73 (full 0):
 garbage-first heap   total 230400K, used 68282K [0x0000000080000000, 0x0000000100000000)
  region size 1024K, 8 young (8192K), 8 survivors (8192K)
 Metaspace       used 75157K, capacity 76970K, committed 77232K, reserved 1116160K
  class space    used 9719K, capacity 10428K, committed 10496K, reserved 1048576K
}
Event: 109.849 GC heap before
{Heap before GC invocations=73 (full 0):
 garbage-first heap   total 230400K, used 143034K [0x0000000080000000, 0x0000000100000000)
  region size 1024K, 81 young (82944K), 8 survivors (8192K)
 Metaspace       used 82758K, capacity 84764K, committed 85040K, reserved 1122304K
  class space    used 10787K, capacity 11569K, committed 11648K, reserved 1048576K
}
Event: 110.011 GC heap after
{Heap after GC invocations=74 (full 0):
 garbage-first heap   total 230400K, used 73186K [0x0000000080000000, 0x0000000100000000)
  region size 1024K, 8 young (8192K), 8 survivors (8192K)
 Metaspace       used 82758K, capacity 84764K, committed 85040K, reserved 1122304K
  class space    used 10787K, capacity 11569K, committed 11648K, reserved 1048576K
}
Event: 115.313 GC heap before
{Heap before GC invocations=74 (full 0):
 garbage-first heap   total 230400K, used 172514K [0x0000000080000000, 0x0000000100000000)
  region size 1024K, 105 young (107520K), 8 survivors (8192K)
 Metaspace       used 85664K, capacity 87904K, committed 88112K, reserved 1126400K
  class space    used 11210K, capacity 12069K, committed 12160K, reserved 1048576K
}
Event: 115.462 GC heap after
{Heap after GC invocations=75 (full 0):
 garbage-first heap   total 230400K, used 83968K [0x0000000080000000, 0x0000000100000000)
  region size 1024K, 14 young (14336K), 14 survivors (14336K)
 Metaspace       used 85664K, capacity 87904K, committed 88112K, reserved 1126400K
  class space    used 11210K, capacity 12069K, committed 12160K, reserved 1048576K
}
Event: 122.681 GC heap before
{Heap before GC invocations=75 (full 0):
 garbage-first heap   total 230400K, used 176128K [0x0000000080000000, 0x0000000100000000)
  region size 1024K, 103 young (105472K), 14 survivors (14336K)
 Metaspace       used 90365K, capacity 92771K, committed 92976K, reserved 1130496K
  class space    used 11737K, capacity 12657K, committed 12672K, reserved 1048576K
}
Event: 122.940 GC heap after
{Heap after GC invocations=76 (full 0):
 garbage-first heap   total 230400K, used 97193K [0x0000000080000000, 0x0000000100000000)
  region size 1024K, 13 young (13312K), 13 survivors (13312K)
 Metaspace       used 90365K, capacity 92771K, committed 92976K, reserved 1130496K
  class space    used 11737K, capacity 12657K, committed 12672K, reserved 1048576K
}
Event: 133.692 GC heap before
{Heap before GC invocations=76 (full 0):
 garbage-first heap   total 230400K, used 189353K [0x0000000080000000, 0x0000000100000000)
  region size 1024K, 87 young (89088K), 13 survivors (13312K)
 Metaspace       used 94557K, capacity 97099K, committed 97328K, reserved 1134592K
  class space    used 12167K, capacity 13182K, committed 13184K, reserved 1048576K
}
Event: 133.838 GC heap after
{Heap after GC invocations=77 (full 0):
 garbage-first heap   total 345088K, used 93696K [0x0000000080000000, 0x0000000100000000)
  region size 1024K, 4 young (4096K), 4 survivors (4096K)
 Metaspace       used 94557K, capacity 97099K, committed 97328K, reserved 1134592K
  class space    used 12167K, capacity 13182K, committed 13184K, reserved 1048576K
}
Event: 139.300 GC heap before
{Heap before GC invocations=77 (full 0):
 garbage-first heap   total 345088K, used 136704K [0x0000000080000000, 0x0000000100000000)
  region size 1024K, 48 young (49152K), 4 survivors (4096K)
 Metaspace       used 97680K, capacity 100278K, committed 100528K, reserved 1136640K
  class space    used 12560K, capacity 13552K, committed 13568K, reserved 1048576K
}
Event: 139.366 GC heap after
{Heap after GC invocations=78 (full 0):
 garbage-first heap   total 345088K, used 92851K [0x0000000080000000, 0x0000000100000000)
  region size 1024K, 3 young (3072K), 3 survivors (3072K)
 Metaspace       used 97680K, capacity 100278K, committed 100528K, reserved 1136640K
  class space    used 12560K, capacity 13552K, committed 13568K, reserved 1048576K
}
Event: 157.325 GC heap before
{Heap before GC invocations=79 (full 0):
 garbage-first heap   total 345088K, used 212659K [0x0000000080000000, 0x0000000100000000)
  region size 1024K, 120 young (122880K), 3 survivors (3072K)
 Metaspace       used 100776K, capacity 103424K, committed 103628K, reserved 1138688K
  class space    used 12868K, capacity 13870K, committed 13952K, reserved 1048576K
}
Event: 157.796 GC heap after
{Heap after GC invocations=80 (full 0):
 garbage-first heap   total 345088K, used 102121K [0x0000000080000000, 0x0000000100000000)
  region size 1024K, 12 young (12288K), 12 survivors (12288K)
 Metaspace       used 100776K, capacity 103424K, committed 103628K, reserved 1138688K
  class space    used 12868K, capacity 13870K, committed 13952K, reserved 1048576K
}
Event: 160.081 GC heap before
{Heap before GC invocations=81 (full 0):
 garbage-first heap   total 345088K, used 128745K [0x0000000080000000, 0x0000000100000000)
  region size 1024K, 39 young (39936K), 12 survivors (12288K)
 Metaspace       used 101043K, capacity 103660K, committed 103884K, reserved 1138688K
  class space    used 12887K, capacity 13904K, committed 13952K, reserved 1048576K
}
Event: 160.220 GC heap after
{Heap after GC invocations=82 (full 0):
 garbage-first heap   total 345088K, used 103615K [0x0000000080000000, 0x0000000100000000)
  region size 1024K, 3 young (3072K), 3 survivors (3072K)
 Metaspace       used 101043K, capacity 103660K, committed 103884K, reserved 1138688K
  class space    used 12887K, capacity 13904K, committed 13952K, reserved 1048576K
}
Event: 163.190 GC heap before
{Heap before GC invocations=82 (full 0):
 garbage-first heap   total 345088K, used 140479K [0x0000000080000000, 0x0000000100000000)
  region size 1024K, 40 young (40960K), 3 survivors (3072K)
 Metaspace       used 103225K, capacity 105948K, committed 106188K, reserved 1140736K
  class space    used 13127K, capacity 14197K, committed 14208K, reserved 1048576K
}
Event: 163.237 GC heap after
{Heap after GC invocations=83 (full 0):
 garbage-first heap   total 345088K, used 105276K [0x0000000080000000, 0x0000000100000000)
  region size 1024K, 5 young (5120K), 5 survivors (5120K)
 Metaspace       used 103225K, capacity 105948K, committed 106188K, reserved 1140736K
  class space    used 13127K, capacity 14197K, committed 14208K, reserved 1048576K
}

Deoptimization events (20 events):
Event: 167.106 Thread 0x000001f6aaa4b800 DEOPT PACKING pc=0x000001f697a66de8 sp=0x0000008db9cfd240
Event: 167.106 Thread 0x000001f6aaa4b800 DEOPT UNPACKING pc=0x000001f68f8aa1af sp=0x0000008db9cfd1d0 mode 2
Event: 167.109 Thread 0x000001f6aaa4b800 Uncommon trap: trap_request=0xffffffc6 fr.pc=0x000001f697a5fd00 relative=0x0000000000000080
Event: 167.109 Thread 0x000001f6aaa4b800 Uncommon trap: reason=bimorphic_or_optimized_type_check action=maybe_recompile pc=0x000001f697a5fd00 method=org.gradle.internal.logging.sink.OutputEventRenderer.onOutput(Lorg/gradle/internal/logging/events/OutputEvent;)V @ 1 c2
Event: 167.109 Thread 0x000001f6aaa4b800 DEOPT PACKING pc=0x000001f697a5fd00 sp=0x0000008db9cfd5f0
Event: 167.109 Thread 0x000001f6aaa4b800 DEOPT UNPACKING pc=0x000001f68f8aa1af sp=0x0000008db9cfd548 mode 2
Event: 167.109 Thread 0x000001f6aaa4b800 Uncommon trap: trap_request=0xffffffde fr.pc=0x000001f697aa944c relative=0x000000000000372c
Event: 167.109 Thread 0x000001f6aaa4b800 Uncommon trap: reason=class_check action=maybe_recompile pc=0x000001f697aa944c method=org.gradle.internal.logging.sink.OutputEventTransformer.onOutput(Lorg/gradle/internal/logging/events/OutputEvent;)V @ 225 c2
Event: 167.109 Thread 0x000001f6aaa4b800 DEOPT PACKING pc=0x000001f697aa944c sp=0x0000008db9cfd4b0
Event: 167.109 Thread 0x000001f6aaa4b800 DEOPT UNPACKING pc=0x000001f68f8aa1af sp=0x0000008db9cfd4a8 mode 2
Event: 167.110 Thread 0x000001f6aaa4b800 Uncommon trap: trap_request=0xffffffc6 fr.pc=0x000001f697a5fd00 relative=0x0000000000000080
Event: 167.110 Thread 0x000001f6aaa4b800 Uncommon trap: reason=bimorphic_or_optimized_type_check action=maybe_recompile pc=0x000001f697a5fd00 method=org.gradle.internal.logging.sink.OutputEventRenderer.onOutput(Lorg/gradle/internal/logging/events/OutputEvent;)V @ 1 c2
Event: 167.110 Thread 0x000001f6aaa4b800 DEOPT PACKING pc=0x000001f697a5fd00 sp=0x0000008db9cfd700
Event: 167.110 Thread 0x000001f6aaa4b800 DEOPT UNPACKING pc=0x000001f68f8aa1af sp=0x0000008db9cfd658 mode 2
Event: 167.110 Thread 0x000001f6aaa4b800 Uncommon trap: trap_request=0xffffffde fr.pc=0x000001f697aa944c relative=0x000000000000372c
Event: 167.110 Thread 0x000001f6aaa4b800 Uncommon trap: reason=class_check action=maybe_recompile pc=0x000001f697aa944c method=org.gradle.internal.logging.sink.OutputEventTransformer.onOutput(Lorg/gradle/internal/logging/events/OutputEvent;)V @ 225 c2
Event: 167.110 Thread 0x000001f6aaa4b800 DEOPT PACKING pc=0x000001f697aa944c sp=0x0000008db9cfd5c0
Event: 167.110 Thread 0x000001f6aaa4b800 DEOPT UNPACKING pc=0x000001f68f8aa1af sp=0x0000008db9cfd5b8 mode 2
Event: 167.162 Thread 0x000001f6a7423000 DEOPT PACKING pc=0x000001f691d53bc4 sp=0x0000008db5efeab0
Event: 167.162 Thread 0x000001f6a7423000 DEOPT UNPACKING pc=0x000001f68f8aa95e sp=0x0000008db5efe050 mode 0

Classes redefined (0 events):
No events

Internal exceptions (20 events):
Event: 149.237 Thread 0x000001f6aa809000 Exception <a 'sun/nio/fs/WindowsException'{0x000000008e78d5b8}> (0x000000008e78d5b8) thrown at [src/hotspot/share/prims/jni.cpp, line 617]
Event: 149.295 Thread 0x000001f6aa809000 Exception <a 'java/lang/NoSuchMethodError'{0x000000008e6743e8}: <clinit>> (0x000000008e6743e8) thrown at [src/hotspot/share/prims/jni.cpp, line 1367]
Event: 149.308 Thread 0x000001f6aa809000 Exception <a 'java/lang/NoSuchMethodError'{0x000000008e6a4d90}: <clinit>> (0x000000008e6a4d90) thrown at [src/hotspot/share/prims/jni.cpp, line 1367]
Event: 149.312 Thread 0x000001f6aa809000 Exception <a 'java/lang/NoSuchMethodError'{0x000000008e6b7518}: <clinit>> (0x000000008e6b7518) thrown at [src/hotspot/share/prims/jni.cpp, line 1367]
Event: 149.640 Thread 0x000001f6aaa4e000 Exception <a 'java/lang/NoSuchMethodError'{0x000000008e3b7ce0}: 'void java.lang.invoke.DirectMethodHandle$Holder.invokeStatic(java.lang.Object, long)'> (0x000000008e3b7ce0) thrown at [src/hotspot/share/interpreter/linkResolver.cpp, line 773]
Event: 149.643 Thread 0x000001f6aaa4e000 Exception <a 'java/lang/NoSuchMethodError'{0x000000008e3bd1a0}: 'java.lang.Object java.lang.invoke.DirectMethodHandle$Holder.invokeStatic(java.lang.Object, long)'> (0x000000008e3bd1a0) thrown at [src/hotspot/share/interpreter/linkResolver.cpp, line 773]
Event: 149.646 Thread 0x000001f6aaa4e000 Exception <a 'java/lang/NoSuchMethodError'{0x000000008e3d1428}: 'java.lang.Object java.lang.invoke.DirectMethodHandle$Holder.invokeSpecial(java.lang.Object, java.lang.Object, long)'> (0x000000008e3d1428) thrown at [src/hotspot/share/interpreter/linkResolver.cpp, line 773]
Event: 149.652 Thread 0x000001f6aaa4e000 Exception <a 'java/lang/NoSuchMethodError'{0x000000008e3dc2d0}: 'java.lang.Object java.lang.invoke.DirectMethodHandle$Holder.invokeStaticInit(java.lang.Object, java.lang.Object, long, java.lang.Object)'> (0x000000008e3dc2d0) thrown at [src/hotspot/share/interpreter/linkResolver.cpp, line 773]
Event: 150.709 Thread 0x000001f6aaa4e000 Exception <a 'java/lang/NoSuchMethodError'{0x000000008e140840}: 'int java.lang.invoke.DirectMethodHandle$Holder.invokeSpecialIFC(java.lang.Object, java.lang.Object, java.lang.Object)'> (0x000000008e140840) thrown at [src/hotspot/share/interpreter/linkResolver.cpp, line 773]
Event: 159.024 Thread 0x000001f6aaa4e000 Exception <a 'sun/nio/fs/WindowsException'{0x00000000942ec860}> (0x00000000942ec860) thrown at [src/hotspot/share/prims/jni.cpp, line 617]
Event: 159.051 Thread 0x000001f6aaa4e000 Exception <a 'sun/nio/fs/WindowsException'{0x0000000094111ba0}> (0x0000000094111ba0) thrown at [src/hotspot/share/prims/jni.cpp, line 617]
Event: 159.053 Thread 0x000001f6aaa4e000 Exception <a 'sun/nio/fs/WindowsException'{0x0000000094111c90}> (0x0000000094111c90) thrown at [src/hotspot/share/prims/jni.cpp, line 617]
Event: 163.597 Thread 0x000001f6aa807800 Implicit null exception at 0x000001f69763962c to 0x000001f69763966b
Event: 165.194 Thread 0x000001f6aa807800 Implicit null exception at 0x000001f6976e14f7 to 0x000001f6976e1b40
Event: 165.428 Thread 0x000001f6aa807800 Exception <a 'java/lang/NoSuchMethodError'{0x0000000093bc2858}: <clinit>> (0x0000000093bc2858) thrown at [src/hotspot/share/prims/jni.cpp, line 1367]
Event: 165.430 Thread 0x000001f6aa807800 Exception <a 'java/lang/NoSuchMethodError'{0x0000000093be1ce8}: <clinit>> (0x0000000093be1ce8) thrown at [src/hotspot/share/prims/jni.cpp, line 1367]
Event: 165.431 Thread 0x000001f6aa807800 Exception <a 'java/lang/NoSuchMethodError'{0x0000000093be3560}: <clinit>> (0x0000000093be3560) thrown at [src/hotspot/share/prims/jni.cpp, line 1367]
Event: 165.461 Thread 0x000001f6aa807800 Exception <a 'java/lang/NoSuchMethodError'{0x0000000093a3fce0}: <clinit>> (0x0000000093a3fce0) thrown at [src/hotspot/share/prims/jni.cpp, line 1367]
Event: 167.079 Thread 0x000001f6aaa4b800 Exception <a 'java/io/IOException'{0x00000000933653d0}: CreateProcess error=1450, Insufficient system resources exist to complete the requested service> (0x00000000933653d0) thrown at [src/hotspot/share/prims/jni.cpp, line 638]
Event: 167.085 Thread 0x000001f6aaa4b800 Exception <a 'java/io/IOException'{0x00000000933685f0}: CreateProcess error=1455, The paging file is too small for this operation to complete> (0x00000000933685f0) thrown at [src/hotspot/share/prims/jni.cpp, line 638]

Events (20 events):
Event: 167.093 loading class org/jetbrains/kotlin/cli/common/messages/MessageCollector$DefaultImpls
Event: 167.093 loading class org/jetbrains/kotlin/cli/common/messages/MessageCollector$DefaultImpls done
Event: 167.094 loading class org/jetbrains/kotlin/cli/common/messages/GradleStyleMessageRenderer$WhenMappings
Event: 167.094 loading class org/jetbrains/kotlin/cli/common/messages/GradleStyleMessageRenderer$WhenMappings done
Event: 167.096 loading class org/jetbrains/kotlin/gradle/logging/GradlePrintingMessageCollector$WhenMappings
Event: 167.096 loading class org/jetbrains/kotlin/gradle/logging/GradlePrintingMessageCollector$WhenMappings done
Event: 167.107 loading class org/jetbrains/kotlin/cli/common/messages/MessageCollector$Companion
Event: 167.107 loading class org/jetbrains/kotlin/cli/common/messages/MessageCollector$Companion done
Event: 167.108 loading class org/jetbrains/kotlin/cli/common/messages/MessageCollector$Companion$NONE$1
Event: 167.108 loading class org/jetbrains/kotlin/cli/common/messages/MessageCollector$Companion$NONE$1 done
Event: 167.111 loading class org/jetbrains/kotlin/gradle/tasks/TasksUtilsKt
Event: 167.111 loading class org/jetbrains/kotlin/gradle/tasks/TasksUtilsKt done
Event: 167.114 loading class org/jetbrains/kotlin/incremental/FileUtilsKt
Event: 167.114 loading class org/jetbrains/kotlin/incremental/FileUtilsKt done
Event: 167.116 loading class kotlin/io/FileTreeWalk$FileTreeWalkIterator$BottomUpDirectoryState
Event: 167.116 loading class kotlin/io/FileTreeWalk$FileTreeWalkIterator$BottomUpDirectoryState done
Event: 167.118 loading class org/gradle/internal/serialize/Message
Event: 167.118 loading class org/gradle/internal/serialize/Message done
Event: 167.125 loading class org/gradle/internal/serialize/ExceptionReplacingObjectOutputStream$1
Event: 167.125 loading class org/gradle/internal/serialize/ExceptionReplacingObjectOutputStream$1 done


Dynamic libraries:
0x00007ff6577c0000 - 0x00007ff6577ca000 	D:\KOTLIN\jbr\bin\java.exe
0x00007ffd2f650000 - 0x00007ffd2f848000 	C:\Windows\SYSTEM32\ntdll.dll
0x00007ffd2ec00000 - 0x00007ffd2ecbf000 	C:\Windows\System32\KERNEL32.DLL
0x00007ffd2d160000 - 0x00007ffd2d456000 	C:\Windows\System32\KERNELBASE.dll
0x00007ffd2d490000 - 0x00007ffd2d590000 	C:\Windows\System32\ucrtbase.dll
0x00007ffd13a50000 - 0x00007ffd13a67000 	D:\KOTLIN\jbr\bin\jli.dll
0x00007ffd2da40000 - 0x00007ffd2dbdd000 	C:\Windows\System32\USER32.dll
0x00007ffd2d460000 - 0x00007ffd2d482000 	C:\Windows\System32\win32u.dll
0x00007ffd2eb70000 - 0x00007ffd2eb9c000 	C:\Windows\System32\GDI32.dll
0x00007ffd136b0000 - 0x00007ffd136cb000 	D:\KOTLIN\jbr\bin\VCRUNTIME140.dll
0x00007ffd2d590000 - 0x00007ffd2d6a5000 	C:\Windows\System32\gdi32full.dll
0x00007ffd2cd30000 - 0x00007ffd2cdcd000 	C:\Windows\System32\msvcp_win.dll
0x00007ffd1c440000 - 0x00007ffd1c6da000 	C:\Windows\WinSxS\amd64_microsoft.windows.common-controls_6595b64144ccf1df_6.0.19041.1110_none_60b5254171f9507e\COMCTL32.dll
0x00007ffd2d9a0000 - 0x00007ffd2da3e000 	C:\Windows\System32\msvcrt.dll
0x00007ffd2d740000 - 0x00007ffd2d770000 	C:\Windows\System32\IMM32.DLL
0x00007ffd00e50000 - 0x00007ffd00edd000 	D:\KOTLIN\jbr\bin\msvcp140.dll
0x00007ffd1a710000 - 0x00007ffd1a71c000 	C:\Windows\SYSTEM32\VCRUNTIME140_1.dll
0x00007ffccfd20000 - 0x00007ffcd08dc000 	D:\KOTLIN\jbr\bin\server\jvm.dll
0x00007ffd2d8f0000 - 0x00007ffd2d99f000 	C:\Windows\System32\ADVAPI32.dll
0x00007ffd2ecc0000 - 0x00007ffd2ed5c000 	C:\Windows\System32\sechost.dll
0x00007ffd2dbe0000 - 0x00007ffd2dd06000 	C:\Windows\System32\RPCRT4.dll
0x00007ffd2f600000 - 0x00007ffd2f608000 	C:\Windows\System32\PSAPI.DLL
0x00007ffd23230000 - 0x00007ffd2323a000 	C:\Windows\SYSTEM32\VERSION.dll
0x00007ffd23240000 - 0x00007ffd23267000 	C:\Windows\SYSTEM32\WINMM.dll
0x00007ffd25b90000 - 0x00007ffd25b99000 	C:\Windows\SYSTEM32\WSOCK32.dll
0x00007ffd2f020000 - 0x00007ffd2f08b000 	C:\Windows\System32\WS2_32.dll
0x00007ffd2ac80000 - 0x00007ffd2ac92000 	C:\Windows\SYSTEM32\kernel.appcore.dll
0x00007ffd29d60000 - 0x00007ffd29d70000 	D:\KOTLIN\jbr\bin\verify.dll
0x00007ffd2a830000 - 0x00007ffd2aa14000 	C:\Windows\SYSTEM32\DBGHELP.DLL
0x00007ffd19730000 - 0x00007ffd19764000 	C:\Windows\SYSTEM32\dbgcore.DLL
0x00007ffd2cdd0000 - 0x00007ffd2ce52000 	C:\Windows\System32\bcryptPrimitives.dll
0x00007ffd24260000 - 0x00007ffd24288000 	D:\KOTLIN\jbr\bin\java.dll
0x00007ffd26d10000 - 0x00007ffd26d1a000 	D:\KOTLIN\jbr\bin\jimage.dll
0x00007ffd24b20000 - 0x00007ffd24b38000 	D:\KOTLIN\jbr\bin\zip.dll
0x00007ffd2e340000 - 0x00007ffd2ea84000 	C:\Windows\System32\SHELL32.dll
0x00007ffd2adf0000 - 0x00007ffd2b583000 	C:\Windows\SYSTEM32\windows.storage.dll
0x00007ffd2dd70000 - 0x00007ffd2e0c4000 	C:\Windows\System32\combase.dll
0x00007ffd2c720000 - 0x00007ffd2c74e000 	C:\Windows\SYSTEM32\Wldp.dll
0x00007ffd2e290000 - 0x00007ffd2e33d000 	C:\Windows\System32\SHCORE.dll
0x00007ffd2dd10000 - 0x00007ffd2dd65000 	C:\Windows\System32\shlwapi.dll
0x00007ffd2cc70000 - 0x00007ffd2cc8f000 	C:\Windows\SYSTEM32\profapi.dll
0x00007ffd244a0000 - 0x00007ffd244b9000 	D:\KOTLIN\jbr\bin\net.dll
0x00007ffd22180000 - 0x00007ffd2228a000 	C:\Windows\SYSTEM32\WINHTTP.dll
0x00007ffd2c410000 - 0x00007ffd2c47a000 	C:\Windows\system32\mswsock.dll
0x00007ffd241e0000 - 0x00007ffd241f3000 	D:\KOTLIN\jbr\bin\nio.dll
0x00007ffd22cd0000 - 0x00007ffd22cf7000 	C:\Users\Asus\.gradle\native\e1d6ef7f7dcc3fd88c89a11ec53ec762bb8ba0a96d01ffa2cd45eb1d1d8dd5c5\windows-amd64\native-platform.dll
0x00007ffcef5b0000 - 0x00007ffcef6f4000 	C:\Users\Asus\.gradle\native\0d407fdbe67a94daf76414ababcb853783967236a71b16ec16e742cd7a986fd3\windows-amd64\native-platform-file-events.dll
0x00007ffd25940000 - 0x00007ffd2594a000 	D:\KOTLIN\jbr\bin\management.dll
0x00007ffd25770000 - 0x00007ffd2577b000 	D:\KOTLIN\jbr\bin\management_ext.dll
0x00007ffd2c610000 - 0x00007ffd2c628000 	C:\Windows\SYSTEM32\CRYPTSP.dll
0x00007ffd2bd30000 - 0x00007ffd2bd64000 	C:\Windows\system32\rsaenh.dll
0x00007ffd2d0e0000 - 0x00007ffd2d107000 	C:\Windows\System32\bcrypt.dll
0x00007ffd2cc30000 - 0x00007ffd2cc5e000 	C:\Windows\SYSTEM32\USERENV.dll
0x00007ffd2c600000 - 0x00007ffd2c60c000 	C:\Windows\SYSTEM32\CRYPTBASE.dll
0x00007ffd2c100000 - 0x00007ffd2c13c000 	C:\Windows\SYSTEM32\IPHLPAPI.DLL
0x00007ffd2ea90000 - 0x00007ffd2ea98000 	C:\Windows\System32\NSI.dll
0x00007ffd22440000 - 0x00007ffd22457000 	C:\Windows\SYSTEM32\dhcpcsvc6.DLL
0x00007ffd20aa0000 - 0x00007ffd20abd000 	C:\Windows\SYSTEM32\dhcpcsvc.DLL
0x00007ffd2c140000 - 0x00007ffd2c20b000 	C:\Windows\SYSTEM32\DNSAPI.dll
0x00007ffd2be50000 - 0x00007ffd2be83000 	C:\Windows\SYSTEM32\ntmarta.dll
0x00007ffd25b50000 - 0x00007ffd25b6a000 	C:\ProgramData\Microsoft\Windows Defender\Platform\4.18.2304.8-0\MpDetoursCopyAccelerator.dll
0x00007ffd13ca0000 - 0x00007ffd13cbe000 	C:\Users\Asus\AppData\Local\Temp\native-platform4695449748368133382dir\native-platform.dll

dbghelp: loaded successfully - version: 4.0.5 - missing functions: none
symbol engine: initialized successfully - sym options: 0x614 - pdb path: .;D:\KOTLIN\jbr\bin;C:\Windows\SYSTEM32;C:\Windows\WinSxS\amd64_microsoft.windows.common-controls_6595b64144ccf1df_6.0.19041.1110_none_60b5254171f9507e;D:\KOTLIN\jbr\bin\server;C:\Users\Asus\.gradle\native\e1d6ef7f7dcc3fd88c89a11ec53ec762bb8ba0a96d01ffa2cd45eb1d1d8dd5c5\windows-amd64;C:\Users\Asus\.gradle\native\0d407fdbe67a94daf76414ababcb853783967236a71b16ec16e742cd7a986fd3\windows-amd64;C:\ProgramData\Microsoft\Windows Defender\Platform\4.18.2304.8-0;C:\Users\Asus\AppData\Local\Temp\native-platform4695449748368133382dir

VM Arguments:
jvm_args: --add-opens=java.base/java.util=ALL-UNNAMED --add-opens=java.base/java.lang=ALL-UNNAMED --add-opens=java.base/java.lang.invoke=ALL-UNNAMED --add-opens=java.base/java.util=ALL-UNNAMED --add-opens=java.prefs/java.util.prefs=ALL-UNNAMED --add-opens=java.prefs/java.util.prefs=ALL-UNNAMED --add-opens=java.base/java.nio.charset=ALL-UNNAMED --add-opens=java.base/java.net=ALL-UNNAMED --add-opens=java.base/java.util.concurrent.atomic=ALL-UNNAMED -Xmx2048m -Dfile.encoding=UTF-8 -Duser.country=ID -Duser.language=en -Duser.variant 
java_command: org.gradle.launcher.daemon.bootstrap.GradleDaemon 7.5
java_class_path (initial): C:\Users\Asus\.gradle\wrapper\dists\gradle-7.5-bin\f1w0cc9nuo0eivz97x2xlu9sv\gradle-7.5\lib\gradle-launcher-7.5.jar
Launcher Type: SUN_STANDARD

[Global flags]
     intx CICompilerCount                          = 3                                         {product} {ergonomic}
     uint ConcGCThreads                            = 1                                         {product} {ergonomic}
     uint G1ConcRefinementThreads                  = 4                                         {product} {ergonomic}
   size_t G1HeapRegionSize                         = 1048576                                   {product} {ergonomic}
    uintx GCDrainStackTargetSize                   = 64                                        {product} {ergonomic}
   size_t InitialHeapSize                          = 58720256                                  {product} {ergonomic}
   size_t MarkStackSize                            = 4194304                                   {product} {ergonomic}
   size_t MaxHeapSize                              = 2147483648                                {product} {command line}
   size_t MaxNewSize                               = 1287651328                                {product} {ergonomic}
   size_t MinHeapDeltaBytes                        = 1048576                                   {product} {ergonomic}
    uintx NonNMethodCodeHeapSize                   = 5830732                                {pd product} {ergonomic}
    uintx NonProfiledCodeHeapSize                  = 122913754                              {pd product} {ergonomic}
    uintx ProfiledCodeHeapSize                     = 122913754                              {pd product} {ergonomic}
    uintx ReservedCodeCacheSize                    = 251658240                              {pd product} {ergonomic}
     bool SegmentedCodeCache                       = true                                      {product} {ergonomic}
     bool UseCompressedClassPointers               = true                                 {lp64_product} {ergonomic}
     bool UseCompressedOops                        = true                                 {lp64_product} {ergonomic}
     bool UseG1GC                                  = true                                      {product} {ergonomic}
     bool UseLargePagesIndividualAllocation        = false                                  {pd product} {ergonomic}

Logging:
Log output configuration:
 #0: stdout all=warning uptime,level,tags
 #1: stderr all=off uptime,level,tags

Environment Variables:
PATH=C:\Program Files\Common Files\Oracle\Java\javapath;C:\Program Files\Zulu\zulu-11\bin\;C:\Windows\system32;C:\Windows;C:\Windows\System32\Wbem;C:\Windows\System32\WindowsPowerShell\v1.0\;C:\Windows\System32\OpenSSH\;C:\Program Files\nodejs\;C:\Program Files\Git\bin;D:\SKILVUL\Git\cmd;C:\Program Files\MySQL\MySQL Shell 8.0\bin\;C:\Users\Asus\AppData\Local\Microsoft\WindowsApps;C:\Users\Asus\Music\Microsoft VS Code\bin;C:\Users\Asus\AppData\Roaming\npm;C:\hadoop-3.1.2\bin;C:\hadoop-3.1.2\sbin;C:\Program Files\Java\jdk-18.0.2.1\bin;
USERNAME=Asus
OS=Windows_NT
PROCESSOR_IDENTIFIER=AMD64 Family 23 Model 24 Stepping 1, AuthenticAMD



---------------  S Y S T E M  ---------------

OS: Windows 10 , 64 bit Build 19041 (10.0.19041.2913)
OS uptime: 8 days 3:40 hours

CPU:total 4 (initial active 4) (4 cores per cpu, 2 threads per core) family 23 model 24 stepping 1 microcode 0x0, cmov, cx8, fxsr, mmx, sse, sse2, sse3, ssse3, sse4.1, sse4.2, popcnt, avx, avx2, aes, clmul, mmxext, 3dnowpref, lzcnt, sse4a, ht, tsc, tscinvbit, tscinv, bmi1, bmi2, adx, sha, fma

Memory: 4k page, system-wide physical 3534M (15M free)
TotalPageFile size 14286M (AvailPageFile size 4M)
current process WorkingSet (physical memory assigned to process): 174M, peak: 239M
current process commit charge ("private bytes"): 650M, peak: 653M

vm_info: OpenJDK 64-Bit Server VM (11.0.15+0-b2043.56-8887301) for windows-amd64 JRE (11.0.15+0-b2043.56-8887301), built on Jul 29 2022 23:19:47 by "builduser" with unknown MS VC++:1929

END.
